2025-01-18 17:44:11,727 [INFO] Activator:176 - 


2025-01-18 17:44:11,729 [INFO] Activator:177 - !SESSION log4j initialized
2025-01-18 17:44:19,690 [INFO] LogOutputStream:77 - [STDOUT_REDIRECT] 
2025-01-18 17:44:42,928 [ERROR] LogOutputStream:75 - [STDERR_REDIRECT] SLF4J: Failed to load class "org.slf4j.impl.StaticLoggerBinder".
2025-01-18 17:44:42,929 [ERROR] LogOutputStream:75 - [STDERR_REDIRECT] SLF4J: Defaulting to no-operation (NOP) logger implementation
2025-01-18 17:44:42,932 [ERROR] LogOutputStream:75 - [STDERR_REDIRECT] SLF4J: See http://www.slf4j.org/codes.html#StaticLoggerBinder for further details.
2025-01-18 17:45:15,468 [INFO] ApplicationProperties:184 - Using Application install path: C:\ST\STM32CubeIDE_1.12.0\STM32CubeIDE\plugins\com.st.stm32cube.common.mx_6.8.0.202302231600
2025-01-18 17:45:15,498 [INFO] DbMcusXml:78 - Set database path to: C:\ST\STM32CubeIDE_1.12.0\STM32CubeIDE\plugins\com.st.stm32cube.common.mx_6.8.0.202302231600\\db\/mcu/
2025-01-18 17:45:15,499 [INFO] ApiDb:274 - Set plugin database path to: C:\ST\STM32CubeIDE_1.12.0\STM32CubeIDE\plugins\com.st.stm32cube.common.mx_6.8.0.202302231600\\db\/plugins/boardmanager/
2025-01-18 17:45:15,502 [WARN] ApiDb:259 - Overriding images path with different value:  => C:\ST\STM32CubeIDE_1.12.0\STM32CubeIDE\plugins\com.st.stm32cube.common.mx_6.8.0.202302231600\\db\/plugins/mcufinder/images/
2025-01-18 17:45:15,621 [INFO] ApiDb:250 - Set database path to: C:\Users\ASUS\.stmcufinder\plugins\mcufinder//mcu/
2025-01-18 17:45:15,624 [INFO] DbMcusAds:125 - Set database path to: C:\Users\ASUS\.stmcufinder\plugins\mcufinder//mcu/
2025-01-18 17:45:15,667 [INFO] CrossReferenceDbSqlite:203 - Set database path to: C:\Users\ASUS\.stmcufinder\plugins\mcufinder//mcu/cs/
2025-01-18 17:45:15,916 [INFO] RulesReader:64 - Compatibility file has been processed (293 Rules)
2025-01-18 17:45:16,107 [INFO] DbMcusXml:78 - Set database path to: C:\ST\STM32CubeIDE_1.12.0\STM32CubeIDE\plugins\com.st.stm32cube.common.mx_6.8.0.202302231600\\db\/mcu/
2025-01-18 17:45:16,107 [INFO] ApiDb:274 - Set plugin database path to: C:\ST\STM32CubeIDE_1.12.0\STM32CubeIDE\plugins\com.st.stm32cube.common.mx_6.8.0.202302231600\\db\/plugins/boardmanager/
2025-01-18 17:45:16,108 [INFO] ApiDb:261 - Set plugin images path to: C:\ST\STM32CubeIDE_1.12.0\STM32CubeIDE\plugins\com.st.stm32cube.common.mx_6.8.0.202302231600\\db\/plugins/mcufinder/images/
2025-01-18 17:45:16,108 [WARN] DbFile:41 - Overriding database path with different value: C:\Users\ASUS\.stmcufinder\plugins\mcufinder/ => C:\Users\ASUS\.stmcufinder\plugins\mcufinder
2025-01-18 17:45:16,108 [INFO] ApiDb:250 - Set database path to: C:\Users\ASUS\.stmcufinder\plugins\mcufinder//mcu/
2025-01-18 17:45:16,109 [WARN] DbFile:41 - Overriding database path with different value: C:\Users\ASUS\.stmcufinder\plugins\mcufinder/ => C:\Users\ASUS\.stmcufinder\plugins\mcufinder
2025-01-18 17:45:16,109 [INFO] DbMcusAds:125 - Set database path to: C:\Users\ASUS\.stmcufinder\plugins\mcufinder//mcu/
2025-01-18 17:45:16,109 [WARN] DbFile:41 - Overriding database path with different value: C:\Users\ASUS\.stmcufinder\plugins\mcufinder/ => C:\Users\ASUS\.stmcufinder\plugins\mcufinder
2025-01-18 17:45:16,109 [WARN] DbFile:41 - Overriding database path with different value: C:\Users\ASUS\.stmcufinder\plugins\mcufinder/ => C:\Users\ASUS\.stmcufinder\plugins\mcufinder
2025-01-18 17:45:16,109 [INFO] CrossReferenceDbSqlite:203 - Set database path to: C:\Users\ASUS\.stmcufinder\plugins\mcufinder//mcu/cs/
2025-01-18 17:45:16,312 [INFO] MainPanel:253 - HeapMemory: 268435456
2025-01-18 17:45:16,565 [INFO] DbMcusXml:78 - Set database path to: C:\ST\STM32CubeIDE_1.12.0\STM32CubeIDE\plugins\com.st.stm32cube.common.mx_6.8.0.202302231600\\db\/mcu/
2025-01-18 17:45:16,566 [INFO] ApiDb:274 - Set plugin database path to: C:\ST\STM32CubeIDE_1.12.0\STM32CubeIDE\plugins\com.st.stm32cube.common.mx_6.8.0.202302231600\\db\/plugins/boardmanager/
2025-01-18 17:45:16,566 [INFO] ApiDb:261 - Set plugin images path to: C:\ST\STM32CubeIDE_1.12.0\STM32CubeIDE\plugins\com.st.stm32cube.common.mx_6.8.0.202302231600\\db\/plugins/mcufinder/images/
2025-01-18 17:45:16,566 [WARN] DbFile:41 - Overriding database path with different value: C:\Users\ASUS\.stmcufinder\plugins\mcufinder/ => C:\Users\ASUS\.stmcufinder\plugins\mcufinder
2025-01-18 17:45:16,567 [INFO] ApiDb:250 - Set database path to: C:\Users\ASUS\.stmcufinder\plugins\mcufinder//mcu/
2025-01-18 17:45:16,567 [WARN] DbFile:41 - Overriding database path with different value: C:\Users\ASUS\.stmcufinder\plugins\mcufinder/ => C:\Users\ASUS\.stmcufinder\plugins\mcufinder
2025-01-18 17:45:16,567 [INFO] DbMcusAds:125 - Set database path to: C:\Users\ASUS\.stmcufinder\plugins\mcufinder//mcu/
2025-01-18 17:45:16,567 [WARN] DbFile:41 - Overriding database path with different value: C:\Users\ASUS\.stmcufinder\plugins\mcufinder/ => C:\Users\ASUS\.stmcufinder\plugins\mcufinder
2025-01-18 17:45:16,567 [WARN] DbFile:41 - Overriding database path with different value: C:\Users\ASUS\.stmcufinder\plugins\mcufinder/ => C:\Users\ASUS\.stmcufinder\plugins\mcufinder
2025-01-18 17:45:16,567 [INFO] CrossReferenceDbSqlite:203 - Set database path to: C:\Users\ASUS\.stmcufinder\plugins\mcufinder//mcu/cs/
2025-01-18 17:45:16,593 [INFO] ApplicationProperties:184 - Using Application install path: C:\ST\STM32CubeIDE_1.12.0\STM32CubeIDE\plugins\com.st.stm32cube.common.mx_6.8.0.202302231600
2025-01-18 17:45:16,595 [INFO] PluginManage:196 - Search for loadable plugins [exclusion list=, ]
2025-01-18 17:45:16,615 [INFO] PluginManage:310 - Check plugin analytics
2025-01-18 17:45:16,978 [INFO] AnalyticsPlugin:253 - Accepted Software Licenses: 
2025-01-18 17:45:16,979 [INFO] AnalyticsPlugin:255 - Accepted CMSIS Pack Licenses: 
2025-01-18 17:45:16,980 [INFO] AnalyticsPlugin:257 - Accepted Firmware Licenses: FW.F4.1.27.0
2025-01-18 17:45:16,992 [INFO] PluginManage:359 - Loaded plugin analytics (category:tool,tabindex:-1)
2025-01-18 17:45:16,992 [INFO] PluginManage:310 - Check plugin cadmodel
2025-01-18 17:45:17,033 [INFO] CADModel:105 - Init CAD model plugin
2025-01-18 17:45:17,033 [INFO] PluginManage:359 - Loaded plugin cadmodel (category:power,tabindex:5)
2025-01-18 17:45:17,034 [INFO] PluginManage:310 - Check plugin clock
2025-01-18 17:45:17,077 [INFO] PluginManage:359 - Loaded plugin clock (category:base,tabindex:2)
2025-01-18 17:45:17,078 [INFO] PluginManage:310 - Check plugin ddr
2025-01-18 17:45:17,094 [INFO] PluginManage:359 - Loaded plugin ddr (category:tool,tabindex:6)
2025-01-18 17:45:17,094 [INFO] PluginManage:310 - Check plugin filemanager
2025-01-18 17:45:17,335 [INFO] PluginManage:359 - Loaded plugin filemanager (category:base,tabindex:10)
2025-01-18 17:45:17,335 [INFO] PluginManage:310 - Check plugin ipmanager
2025-01-18 17:45:17,355 [INFO] PluginManage:359 - Loaded plugin ipmanager (category:base,tabindex:5)
2025-01-18 17:45:17,356 [INFO] PluginManage:310 - Check plugin lpbam
2025-01-18 17:45:17,368 [INFO] PluginManage:359 - Loaded plugin lpbam (category:base,tabindex:0)
2025-01-18 17:45:17,369 [INFO] PluginManage:310 - Check plugin pinoutandconfiguration
2025-01-18 17:45:17,381 [INFO] PluginManage:359 - Loaded plugin pinoutandconfiguration (category:base,tabindex:1)
2025-01-18 17:45:17,381 [INFO] PluginManage:310 - Check plugin pinoutconfig
2025-01-18 17:45:17,536 [WARN] SupportedApi:132 - Cannot load RTOS API schema: s4s-elt-must-match.1: The content of 'definitions' must match (annotation?, (simpleType | complexType)?, (unique | key | keyref)*)). A problem was found starting at: attribute.
2025-01-18 17:45:17,825 [INFO] PluginManage:359 - Loaded plugin pinoutconfig (category:base,tabindex:0)
2025-01-18 17:45:17,825 [INFO] PluginManage:310 - Check plugin power
2025-01-18 17:45:17,874 [INFO] PluginManage:359 - Loaded plugin power (category:power,tabindex:4)
2025-01-18 17:45:17,874 [INFO] PluginManage:310 - Check plugin projectmanager
2025-01-18 17:45:17,907 [INFO] PluginManage:359 - Loaded plugin projectmanager (category:projectmanager,tabindex:3)
2025-01-18 17:45:17,908 [INFO] PluginManage:310 - Check plugin thirdparty
2025-01-18 17:45:18,283 [INFO] PluginManage:359 - Loaded plugin thirdparty (category:base,tabindex:-1)
2025-01-18 17:45:18,283 [WARN] IntegrityCheckThread:84 - waiting for thirdparty lock release [integrity check]
2025-01-18 17:45:18,284 [INFO] IntegrityCheckThread:86 - entering critical section [integrity check]
2025-01-18 17:45:18,285 [INFO] PluginManage:310 - Check plugin tools
2025-01-18 17:45:18,287 [INFO] ThirdPartyUpdaterWithRetryManager:70 - Updater plugin not ready yet. [1/15]
2025-01-18 17:45:18,308 [INFO] PluginManage:359 - Loaded plugin tools (category:base,tabindex:7)
2025-01-18 17:45:18,308 [INFO] PluginManage:310 - Check plugin tutovideos
2025-01-18 17:45:18,581 [INFO] PluginManage:359 - Loaded plugin tutovideos (category:base,tabindex:-1)
2025-01-18 17:45:18,581 [INFO] PluginManage:310 - Check plugin updater
2025-01-18 17:45:18,615 [INFO] PluginManage:359 - Loaded plugin updater (category:base,tabindex:12)
2025-01-18 17:45:18,616 [INFO] PluginManage:283 - PluginManage : Loaded plugins [15]
2025-01-18 17:45:19,236 [INFO] PinOutPanel:1499 - setPackage(No Configuration,No Configuration)
2025-01-18 17:45:19,392 [INFO] CADModel:165 - CPN selected for project level
2025-01-18 17:45:19,392 [INFO] CADModel:114 - Register for checkConnection events
2025-01-18 17:45:19,453 [INFO] IPUIPlugin:80 - create IPUIPlugin
2025-01-18 17:45:19,453 [INFO] PluginManager:220 - loadIPPluginJar : add adc
2025-01-18 17:45:19,472 [INFO] IPUIPlugin:80 - create IPUIPlugin
2025-01-18 17:45:19,472 [INFO] PluginManager:220 - loadIPPluginJar : add aes
2025-01-18 17:45:19,496 [INFO] IPUIPlugin:80 - create IPUIPlugin
2025-01-18 17:45:19,496 [INFO] PluginManager:220 - loadIPPluginJar : add can
2025-01-18 17:45:19,499 [INFO] IPUIPlugin:80 - create IPUIPlugin
2025-01-18 17:45:19,500 [INFO] PluginManager:220 - loadIPPluginJar : add comp
2025-01-18 17:45:19,521 [INFO] IPUIPlugin:80 - create IPUIPlugin
2025-01-18 17:45:19,522 [INFO] PluginManager:220 - loadIPPluginJar : add cryp
2025-01-18 17:45:19,531 [INFO] IPUIPlugin:80 - create IPUIPlugin
2025-01-18 17:45:19,531 [INFO] PluginManager:220 - loadIPPluginJar : add dfsdm
2025-01-18 17:45:19,539 [INFO] IPUIPlugin:80 - create IPUIPlugin
2025-01-18 17:45:19,540 [INFO] PluginManager:220 - loadIPPluginJar : add dma
2025-01-18 17:45:19,551 [INFO] IPUIPlugin:80 - create IPUIPlugin
2025-01-18 17:45:19,551 [INFO] PluginManager:220 - loadIPPluginJar : add dma3
2025-01-18 17:45:19,553 [INFO] IPUIPlugin:80 - create IPUIPlugin
2025-01-18 17:45:19,554 [INFO] PluginManager:220 - loadIPPluginJar : add fatfs
2025-01-18 17:45:19,560 [INFO] IPUIPlugin:80 - create IPUIPlugin
2025-01-18 17:45:19,560 [INFO] PluginManager:220 - loadIPPluginJar : add fmc
2025-01-18 17:45:19,582 [INFO] IPUIPlugin:80 - create IPUIPlugin
2025-01-18 17:45:19,582 [INFO] PluginManager:220 - loadIPPluginJar : add freertos
2025-01-18 17:45:19,585 [INFO] IPUIPlugin:80 - create IPUIPlugin
2025-01-18 17:45:19,585 [INFO] PluginManager:220 - loadIPPluginJar : add genericplugin
2025-01-18 17:45:19,589 [INFO] IPUIPlugin:80 - create IPUIPlugin
2025-01-18 17:45:19,589 [INFO] PluginManager:220 - loadIPPluginJar : add gfxmmu
2025-01-18 17:45:19,595 [INFO] IPUIPlugin:80 - create IPUIPlugin
2025-01-18 17:45:19,596 [INFO] PluginManager:220 - loadIPPluginJar : add gic
2025-01-18 17:45:19,623 [INFO] IPUIPlugin:80 - create IPUIPlugin
2025-01-18 17:45:19,623 [INFO] PluginManager:220 - loadIPPluginJar : add gpio
2025-01-18 17:45:19,627 [INFO] IPUIPlugin:80 - create IPUIPlugin
2025-01-18 17:45:19,628 [INFO] PluginManager:220 - loadIPPluginJar : add gtzc
2025-01-18 17:45:19,631 [INFO] IPUIPlugin:80 - create IPUIPlugin
2025-01-18 17:45:19,632 [INFO] PluginManager:220 - loadIPPluginJar : add hash
2025-01-18 17:45:19,635 [INFO] IPUIPlugin:80 - create IPUIPlugin
2025-01-18 17:45:19,636 [INFO] PluginManager:220 - loadIPPluginJar : add i2c
2025-01-18 17:45:19,658 [INFO] IPUIPlugin:80 - create IPUIPlugin
2025-01-18 17:45:19,658 [INFO] PluginManager:220 - loadIPPluginJar : add i2s
2025-01-18 17:45:19,662 [INFO] IPUIPlugin:80 - create IPUIPlugin
2025-01-18 17:45:19,663 [INFO] PluginManager:220 - loadIPPluginJar : add i3c
2025-01-18 17:45:19,687 [INFO] IPUIPlugin:80 - create IPUIPlugin
2025-01-18 17:45:19,688 [INFO] PluginManager:220 - loadIPPluginJar : add ipddr
2025-01-18 17:45:19,708 [INFO] IPUIPlugin:80 - create IPUIPlugin
2025-01-18 17:45:19,708 [INFO] PluginManager:220 - loadIPPluginJar : add linkedlist
2025-01-18 17:45:19,727 [INFO] IPUIPlugin:80 - create IPUIPlugin
2025-01-18 17:45:19,727 [INFO] PluginManager:220 - loadIPPluginJar : add lorawan
2025-01-18 17:45:19,733 [INFO] IPUIPlugin:80 - create IPUIPlugin
2025-01-18 17:45:19,733 [INFO] PluginManager:220 - loadIPPluginJar : add ltdc
2025-01-18 17:45:19,742 [INFO] IPUIPlugin:80 - create IPUIPlugin
2025-01-18 17:45:19,742 [INFO] PluginManager:220 - loadIPPluginJar : add mdma
2025-01-18 17:45:19,768 [INFO] IPUIPlugin:80 - create IPUIPlugin
2025-01-18 17:45:19,769 [INFO] PluginManager:220 - loadIPPluginJar : add nvic
2025-01-18 17:45:19,789 [INFO] IPUIPlugin:80 - create IPUIPlugin
2025-01-18 17:45:19,790 [INFO] PluginManager:220 - loadIPPluginJar : add opamp
2025-01-18 17:45:19,797 [INFO] IPUIPlugin:80 - create IPUIPlugin
2025-01-18 17:45:19,797 [INFO] PluginManager:220 - loadIPPluginJar : add openamp
2025-01-18 17:45:19,811 [INFO] IPUIPlugin:80 - create IPUIPlugin
2025-01-18 17:45:19,811 [INFO] PluginManager:220 - loadIPPluginJar : add pdm2pcm
2025-01-18 17:45:19,823 [INFO] IPUIPlugin:80 - create IPUIPlugin
2025-01-18 17:45:19,829 [INFO] PluginManager:220 - loadIPPluginJar : add plateformsettings
2025-01-18 17:45:19,832 [INFO] IPUIPlugin:80 - create IPUIPlugin
2025-01-18 17:45:19,832 [INFO] PluginManager:220 - loadIPPluginJar : add quadspi
2025-01-18 17:45:19,838 [INFO] IPUIPlugin:80 - create IPUIPlugin
2025-01-18 17:45:19,839 [INFO] PluginManager:220 - loadIPPluginJar : add resmgrutility
2025-01-18 17:45:19,844 [INFO] IPUIPlugin:80 - create IPUIPlugin
2025-01-18 17:45:19,844 [INFO] PluginManager:220 - loadIPPluginJar : add sai
2025-01-18 17:45:19,857 [INFO] IPUIPlugin:80 - create IPUIPlugin
2025-01-18 17:45:19,858 [INFO] PluginManager:220 - loadIPPluginJar : add spi
2025-01-18 17:45:19,866 [INFO] IPUIPlugin:80 - create IPUIPlugin
2025-01-18 17:45:19,866 [INFO] PluginManager:220 - loadIPPluginJar : add stm32_wpan
2025-01-18 17:45:19,870 [INFO] IPUIPlugin:80 - create IPUIPlugin
2025-01-18 17:45:19,870 [INFO] PluginManager:220 - loadIPPluginJar : add tim
2025-01-18 17:45:19,874 [INFO] IPUIPlugin:80 - create IPUIPlugin
2025-01-18 17:45:19,875 [INFO] PluginManager:220 - loadIPPluginJar : add touchsensing
2025-01-18 17:45:19,884 [INFO] IPUIPlugin:80 - create IPUIPlugin
2025-01-18 17:45:19,884 [INFO] PluginManager:220 - loadIPPluginJar : add tracer_emb
2025-01-18 17:45:19,891 [INFO] IPUIPlugin:80 - create IPUIPlugin
2025-01-18 17:45:19,891 [INFO] PluginManager:220 - loadIPPluginJar : add ts
2025-01-18 17:45:19,899 [INFO] IPUIPlugin:80 - create IPUIPlugin
2025-01-18 17:45:19,899 [INFO] PluginManager:220 - loadIPPluginJar : add tsc
2025-01-18 17:45:19,904 [INFO] IPUIPlugin:80 - create IPUIPlugin
2025-01-18 17:45:19,904 [INFO] PluginManager:220 - loadIPPluginJar : add ucpd
2025-01-18 17:45:19,908 [INFO] IPUIPlugin:80 - create IPUIPlugin
2025-01-18 17:45:19,909 [INFO] PluginManager:220 - loadIPPluginJar : add usart
2025-01-18 17:45:19,936 [INFO] IPUIPlugin:80 - create IPUIPlugin
2025-01-18 17:45:19,936 [INFO] PluginManager:220 - loadIPPluginJar : add usbx
2025-01-18 17:45:20,120 [INFO] CADModel:165 - CPN selected for project level
2025-01-18 17:45:20,120 [INFO] CADModel:114 - Register for checkConnection events
2025-01-18 17:45:20,121 [FATAL] Updater:308 - Updater called before beeing initialized
2025-01-18 17:45:20,121 [ERROR] CADModel:125 - Updater not yet initialized, retry later 
2025-01-18 17:45:20,457 [INFO] CADModel:165 - CPN selected for project level
2025-01-18 17:45:20,457 [INFO] CADModel:114 - Register for checkConnection events
2025-01-18 17:45:20,457 [FATAL] Updater:308 - Updater called before beeing initialized
2025-01-18 17:45:20,457 [ERROR] CADModel:125 - Updater not yet initialized, retry later 
2025-01-18 17:45:20,461 [FATAL] Updater:308 - Updater called before beeing initialized
2025-01-18 17:45:20,725 [FATAL] Updater:308 - Updater called before beeing initialized
2025-01-18 17:45:20,737 [INFO] DbMcusAds:53 - JSON generation date=Thu Sep 30 09:55:09 MSK 2021 (1632984909247)
2025-01-18 17:45:20,737 [FATAL] Updater:308 - Updater called before beeing initialized
2025-01-18 17:45:20,967 [WARN] DetailPanel:346 - Failed to get advertising image, set to default
2025-01-18 17:45:21,144 [FATAL] Updater:308 - Updater called before beeing initialized
2025-01-18 17:45:21,148 [FATAL] Updater:308 - Updater called before beeing initialized
2025-01-18 17:45:21,148 [FATAL] Updater:308 - Updater called before beeing initialized
2025-01-18 17:45:21,148 [WARN] DetailPanel:346 - Failed to get advertising image, set to default
2025-01-18 17:45:21,150 [FATAL] Updater:308 - Updater called before beeing initialized
2025-01-18 17:45:21,275 [ERROR] Updater:1120 - MainUpdater not yet initialized. External WinMGr cannot be set.
2025-01-18 17:45:21,287 [INFO] ThirdPartyUpdaterWithRetryManager:70 - Updater plugin not ready yet. [2/15]
2025-01-18 17:45:21,290 [INFO] Updater:1056 - Updater Version found : 6.8.0
2025-01-18 17:45:21,383 [INFO] ApplicationProperties:184 - Using Application install path: C:\ST\STM32CubeIDE_1.12.0\STM32CubeIDE\plugins\com.st.stm32cube.common.mx_6.8.0.202302231600
2025-01-18 17:45:21,696 [ERROR] ServerAccessManage:1096 - Problem, Http access forbiden
2025-01-18 17:45:21,702 [INFO] MainUpdater:2854 - connection check result : 22
2025-01-18 17:45:21,703 [INFO] MainUpdater:283 - Updater Check For Update Now.
2025-01-18 17:45:21,704 [INFO] MicroXplorer:498 - Change Database Version : DB.6.0.80
2025-01-18 17:45:21,969 [INFO] CheckServerUpdateThread:120 - End of CheckServer Thread
2025-01-18 17:45:22,050 [ERROR] ServerAccessManage:1096 - Problem, Http access forbiden
2025-01-18 17:45:22,052 [INFO] MainUpdater:2854 - connection check result : 22
2025-01-18 17:45:24,417 [INFO] ThirdParty:978 - Integrity check success = true
2025-01-18 17:45:24,417 [INFO] IntegrityCheckThread:100 - exiting critical section [integrity check]
2025-01-18 17:45:24,418 [INFO] IntegrityCheckThread:103 - End integrity checks thread
2025-01-18 17:45:30,747 [ERROR] ServerAccessManage:1096 - Problem, Http access forbiden
2025-01-18 17:45:30,749 [INFO] MainUpdater:2854 - connection check result : 22
2025-01-18 17:45:33,093 [INFO] ApiDb:581 - Connected to CubeFinder SQLite database (C:\Users\ASUS\.stmcufinder\plugins\mcufinder\mcu\cube-finder-db.db)
2025-01-18 17:45:33,366 [INFO] ApiDb:668 - CubeFinder database Data Model version=2.1
2025-01-18 17:45:33,366 [INFO] ApiDb:669 - CubeFinder database Configuration version=3.0.35
2025-01-18 17:45:33,367 [INFO] ApiDb:670 - CubeFinder database generation date=2023-02-21 (1676964986)
2025-01-18 17:45:33,367 [INFO] ApiDb:671 - CubeFinder database FW Pack versions=[FP-ATR-ASTRA1_V1.1.1, STM32Cube_FW_C0_V1.0.1, STM32Cube_FW_F0_V1.11.4, STM32Cube_FW_F3_V1.11.4, STM32Cube_FW_F4_V1.27.1, STM32Cube_FW_F7_V1.17.0, STM32Cube_FW_G0_V1.6.1, STM32Cube_FW_G4_V1.5.1, STM32Cube_FW_H5_V0.5.1, STM32Cube_FW_H5_V1.0.0, STM32Cube_FW_H7_V1.11.0, STM32Cube_FW_L0_V1.12.2, STM32Cube_FW_L5_V1.5.0, STM32Cube_FW_U5_V1.2.0, STM32Cube_FW_WBA_V1.0.0, STM32Cube_FW_WBA_V1.0.0RC1, STM32Cube_FW_WBA_V1.0.0RC3, STM32Cube_FW_WB_V1.15.0RC1, STM32Cube_FW_WB_V1.16.0, STM32Cube_FW_WB_V1.16.0RC2, STM32Cube_FW_WL_V1.3.0, X-CUBE-ALGOBUILD_V1.3.0, X-CUBE-ALS_V1.0.1, X-CUBE-AZRTOS-F4_V1.1.0, X-CUBE-AZRTOS-F7_V1.1.0, X-CUBE-AZRTOS-G0_V1.1.0, X-CUBE-AZRTOS-G4_V1.0.0, X-CUBE-AZRTOS-H7_V3.0.0, X-CUBE-AZRTOS-L4_V1.0.0, X-CUBE-AZRTOS-L5_V1.1.0, X-CUBE-AZRTOS-WB_V1.1.0, X-CUBE-AZRTOS-WL_V1.0.0, X-CUBE-BLE1_V6.2.4, X-CUBE-BLE2_V3.3.0, X-CUBE-BLEMGR_V1.3.0, X-CUBE-EEPRMA1_V4.1.0, X-CUBE-GNSS1_V6.0.0, X-CUBE-MEMS1_V9.1.0, X-CUBE-MEMS1_V9.4.0, X-CUBE-MEMS1_V9.5.0, X-CUBE-NFC4_V3.0.0, X-CUBE-NFC7_V1.0.0, X-CUBE-SFXS2LP1_V4.0.0, X-CUBE-SUBG2_V5.0.0]
2025-01-18 17:45:33,740 [INFO] DbBoardsSqlite:226 - include board P-NUCLEO-WB55-NUCLEO as a kit item of type 'Nucleo-64'
2025-01-18 17:45:33,741 [INFO] DbBoardsSqlite:226 - include board P-NUCLEO-WB55-USBDONGLE as a kit item of type 'Nucleo USB Dongle'
2025-01-18 17:45:33,742 [INFO] DbBoardsSqlite:226 - include board STEVAL-IDP005V1 as a kit item of type 'Evaluation Board'
2025-01-18 17:45:33,743 [INFO] DbBoardsSqlite:226 - include board STEVAL-IDP005V2 as a kit item of type 'Evaluation Board'
2025-01-18 17:45:34,546 [INFO] ApiDb:240 - Found 297 in-development CPN: [B-G473E-ZEST1S, B-WB1M-WPAN1, B-WL5M-SUBG1, NUCLEO-C031C6, NUCLEO-H503RB, NUCLEO-H563ZI, NUCLEO-U545RE-Q, NUCLEO-U5A5ZJ-Q, NUCLEO-WBA52CG, STEVAL-PROTEUS1, STEVAL-STWINBX1, STM320518-EVAL, STM32C0116-DK, STM32C011D6Y3TR, STM32C011D6Y6TR, STM32C011F4P3, STM32C011F4P6, STM32C011F4U3, STM32C011F4U6TR, STM32C011F6P3, STM32C011F6P6, STM32C011F6U3, STM32C011F6U6TR, STM32C011J4M3, STM32C011J4M6, STM32C011J6M3, STM32C011J6M6, STM32C0316-DK, STM32C031C4T3, STM32C031C4T6, STM32C031C4U3, STM32C031C4U6, STM32C031C6T3, STM32C031C6T6, STM32C031C6U3, STM32C031C6U6, STM32C031F4P3, STM32C031F4P6, STM32C031F6P3, STM32C031F6P6, STM32C031G4U3, STM32C031G4U6, STM32C031G6U3, STM32C031G6U6, STM32C031K4T3, STM32C031K4T6, STM32C031K4U3, STM32C031K4U6, STM32C031K6T3, STM32C031K6T6, STM32C031K6U3, STM32C031K6U6, STM32G071K8TXN, STM32G071K8UXN, STM32G081GBU6N, STM32G081KBT6N, STM32G081KBUXN, STM32G0B1CCT6N, STM32G0B1KCT6, STM32G0B1NEY6TR, STM32G0B1RCT6N, STM32G0C1CCT6, STM32G0C1CCT6N, STM32G0C1CCU6N, STM32G0C1CET6N, STM32G0C1CEU6N, STM32G0C1KCT6, STM32G0C1NEY6TR, STM32G0C1RCI6N, STM32G0C1RCT6N, STM32G0C1REI6N, STM32G0C1RET6N, STM32G0C1VCI6, STM32G0C1VEI6, STM32G471CCT6, STM32G471CCU6, STM32G471CET3, STM32G471CET6, STM32G471CEU3, STM32G471CEU6, STM32G471MCT6, STM32G471MET3, STM32G471MET6, STM32G471MEY6TR, STM32G471QCT6, STM32G471QET3, STM32G471RCT6, STM32G471RET3, STM32G471RET6, STM32G471VCH6, STM32G471VCI6, STM32G471VCT6, STM32G471VEH3, STM32G471VEH6, STM32G471VEI3, STM32G471VEI6, STM32G471VET3, STM32G471VET6, STM32G474CCT6, STM32H503CBT6, STM32H503CBU6, STM32H503EBY6TR, STM32H503KBU6, STM32H503RBT6, STM32H562AGI6, STM32H562AII6, STM32H562IGK6, STM32H562IGT6, STM32H562IIK6, STM32H562IIT6, STM32H562RGT6, STM32H562RGV6, STM32H562RIT6, STM32H562RIV6, STM32H562VGT6, STM32H562VIT6, STM32H562ZGT6, STM32H562ZIT6, STM32H563AGI6, STM32H563AII3Q, STM32H563AII6, STM32H563IGK6, STM32H563IGT6, STM32H563IIK3Q, STM32H563IIK6, STM32H563IIT3Q, STM32H563IIT6, STM32H563MIY3QTR, STM32H563RGT6, STM32H563RGV6, STM32H563RIT6, STM32H563RIV6, STM32H563VGT6, STM32H563VIT3Q, STM32H563VIT6, STM32H563ZGT6, STM32H563ZIT3Q, STM32H563ZIT6, STM32H573AII3Q, STM32H573AII6, STM32H573I-DK, STM32H573IIK3Q, STM32H573IIK6, STM32H573IIT3Q, STM32H573IIT6, STM32H573MIY3QTR, STM32H573RIT6, STM32H573RIV6, STM32H573VIT3Q, STM32H573VIT6, STM32H573ZIT3Q, STM32H573ZIT6, STM32L4R5QGI6STR, STM32MP131AAE3, STM32MP131AAF3, STM32MP131AAG3, STM32MP131CAE3, STM32MP131CAF3, STM32MP131CAG3, STM32MP131DAE7, STM32MP131DAF7, STM32MP131DAG7, STM32MP131FAE7, STM32MP131FAF7, STM32MP131FAG7, STM32MP133AAE3, STM32MP133AAF3, STM32MP133AAG3, STM32MP133CAE3, STM32MP133CAF3, STM32MP133CAG3, STM32MP133DAE7, STM32MP133DAF7, STM32MP133DAG7, STM32MP133FAE7, STM32MP133FAF7, STM32MP133FAG7, STM32MP135AAE3, STM32MP135AAF3, STM32MP135AAG3, STM32MP135CAE3, STM32MP135CAF3, STM32MP135CAG3, STM32MP135DAE7, STM32MP135DAF7, STM32MP135DAG7, STM32MP135F-DK, STM32MP135FAE7, STM32MP135FAF7, STM32MP135FAF7T, STM32MP135FAF7U, STM32MP135FAG7, STM32U535CBT6, STM32U535CBT6Q, STM32U535CBU6, STM32U535CBU6Q, STM32U535CCT6, STM32U535CCT6Q, STM32U535CCU6, STM32U535CCU6Q, STM32U535CET6, STM32U535CET6Q, STM32U535CEU6, STM32U535CEU6Q, STM32U535JEY6QTR, STM32U535NCY6QTR, STM32U535NEY6QTR, STM32U535RBI6, STM32U535RBI6Q, STM32U535RBT6, STM32U535RBT6Q, STM32U535RCI6, STM32U535RCI6Q, STM32U535RCT6, STM32U535RCT6Q, STM32U535REI6, STM32U535REI6Q, STM32U535RET6, STM32U535RET6Q, STM32U535VCI6, STM32U535VCI6Q, STM32U535VCT6, STM32U535VCT6Q, STM32U535VEI6, STM32U535VEI6Q, STM32U535VET6, STM32U535VET6Q, STM32U545CET6, STM32U545CET6Q, STM32U545CEU6, STM32U545CEU6Q, STM32U545JEY6QTR, STM32U545NEY6QTR, STM32U545REI6, STM32U545REI6Q, STM32U545RET6, STM32U545RET6Q, STM32U545VEI6, STM32U545VEI6Q, STM32U545VET6, STM32U545VET6Q, STM32U595AIH6, STM32U595AIH6Q, STM32U595AJH6, STM32U595AJH6Q, STM32U595QII6, STM32U595QII6Q, STM32U595QJI6, STM32U595QJI6Q, STM32U595RIT6, STM32U595RIT6Q, STM32U595RJT6, STM32U595RJT6Q, STM32U595VIT6, STM32U595VIT6Q, STM32U595VJT6, STM32U595VJT6Q, STM32U595ZIT6, STM32U595ZIT6Q, STM32U595ZIY6QTR, STM32U595ZJT6, STM32U595ZJT6Q, STM32U595ZJY6QTR, STM32U599BJY6QTR, STM32U599NIH6Q, STM32U599NJH6Q, STM32U599VIT6Q, STM32U599VJT6, STM32U599VJT6Q, STM32U599ZIT6Q, STM32U599ZIY6QTR, STM32U599ZJT6Q, STM32U599ZJY6QTR, STM32U5A5AJH6, STM32U5A5AJH6Q, STM32U5A5QJI6, STM32U5A5QJI6Q, STM32U5A5RJT6, STM32U5A5RJT6Q, STM32U5A5VJT6, STM32U5A5VJT6Q, STM32U5A5ZJT6, STM32U5A5ZJT6Q, STM32U5A5ZJY6QTR, STM32U5A9BJY6QTR, STM32U5A9J-DK, STM32U5A9NJH6Q, STM32U5A9VJT6Q, STM32U5A9ZJT6Q, STM32U5A9ZJY6QTR, STM32WB1MMCH6, STM32WBA52CEU6, STM32WBA52CEU6T, STM32WBA52CGU6, STM32WBA52CGU6T, STM32WL5MOCH6, STM32WL5MOCH6TR]
2025-01-18 17:45:34,840 [INFO] BoardInfo:880 - No configuration file found for board P-NUCLEO-WB55
2025-01-18 17:45:34,840 [INFO] DbBoards:157 - Kit is not supported: P-NUCLEO-WB55
2025-01-18 17:45:34,846 [INFO] BoardInfo:880 - No configuration file found for board STEVAL-BFA001V1B
2025-01-18 17:45:34,846 [INFO] DbBoards:157 - Kit is not supported: STEVAL-BFA001V1B
2025-01-18 17:45:34,847 [INFO] BoardInfo:880 - No configuration file found for board STEVAL-BFA001V2B
2025-01-18 17:45:34,847 [INFO] DbBoards:157 - Kit is not supported: STEVAL-BFA001V2B
2025-01-18 17:45:35,032 [INFO] DbBoards:161 - Found 187 boards, 184 are supported
2025-01-18 17:45:35,038 [INFO] ApiDb:668 - CubeFinder database Data Model version=2.1
2025-01-18 17:45:35,039 [INFO] ApiDb:669 - CubeFinder database Configuration version=3.0.35
2025-01-18 17:45:35,039 [INFO] ApiDb:670 - CubeFinder database generation date=2023-02-21 (1676964986)
2025-01-18 17:45:35,039 [INFO] ApiDb:671 - CubeFinder database FW Pack versions=[FP-ATR-ASTRA1_V1.1.1, STM32Cube_FW_C0_V1.0.1, STM32Cube_FW_F0_V1.11.4, STM32Cube_FW_F3_V1.11.4, STM32Cube_FW_F4_V1.27.1, STM32Cube_FW_F7_V1.17.0, STM32Cube_FW_G0_V1.6.1, STM32Cube_FW_G4_V1.5.1, STM32Cube_FW_H5_V0.5.1, STM32Cube_FW_H5_V1.0.0, STM32Cube_FW_H7_V1.11.0, STM32Cube_FW_L0_V1.12.2, STM32Cube_FW_L5_V1.5.0, STM32Cube_FW_U5_V1.2.0, STM32Cube_FW_WBA_V1.0.0, STM32Cube_FW_WBA_V1.0.0RC1, STM32Cube_FW_WBA_V1.0.0RC3, STM32Cube_FW_WB_V1.15.0RC1, STM32Cube_FW_WB_V1.16.0, STM32Cube_FW_WB_V1.16.0RC2, STM32Cube_FW_WL_V1.3.0, X-CUBE-ALGOBUILD_V1.3.0, X-CUBE-ALS_V1.0.1, X-CUBE-AZRTOS-F4_V1.1.0, X-CUBE-AZRTOS-F7_V1.1.0, X-CUBE-AZRTOS-G0_V1.1.0, X-CUBE-AZRTOS-G4_V1.0.0, X-CUBE-AZRTOS-H7_V3.0.0, X-CUBE-AZRTOS-L4_V1.0.0, X-CUBE-AZRTOS-L5_V1.1.0, X-CUBE-AZRTOS-WB_V1.1.0, X-CUBE-AZRTOS-WL_V1.0.0, X-CUBE-BLE1_V6.2.4, X-CUBE-BLE2_V3.3.0, X-CUBE-BLEMGR_V1.3.0, X-CUBE-EEPRMA1_V4.1.0, X-CUBE-GNSS1_V6.0.0, X-CUBE-MEMS1_V9.1.0, X-CUBE-MEMS1_V9.4.0, X-CUBE-MEMS1_V9.5.0, X-CUBE-NFC4_V3.0.0, X-CUBE-NFC7_V1.0.0, X-CUBE-SFXS2LP1_V4.0.0, X-CUBE-SUBG2_V5.0.0]
2025-01-18 17:45:37,299 [INFO] ApiDb:240 - Found 297 in-development CPN: [B-G473E-ZEST1S, B-WB1M-WPAN1, B-WL5M-SUBG1, NUCLEO-C031C6, NUCLEO-H503RB, NUCLEO-H563ZI, NUCLEO-U545RE-Q, NUCLEO-U5A5ZJ-Q, NUCLEO-WBA52CG, STEVAL-PROTEUS1, STEVAL-STWINBX1, STM320518-EVAL, STM32C0116-DK, STM32C011D6Y3TR, STM32C011D6Y6TR, STM32C011F4P3, STM32C011F4P6, STM32C011F4U3, STM32C011F4U6TR, STM32C011F6P3, STM32C011F6P6, STM32C011F6U3, STM32C011F6U6TR, STM32C011J4M3, STM32C011J4M6, STM32C011J6M3, STM32C011J6M6, STM32C0316-DK, STM32C031C4T3, STM32C031C4T6, STM32C031C4U3, STM32C031C4U6, STM32C031C6T3, STM32C031C6T6, STM32C031C6U3, STM32C031C6U6, STM32C031F4P3, STM32C031F4P6, STM32C031F6P3, STM32C031F6P6, STM32C031G4U3, STM32C031G4U6, STM32C031G6U3, STM32C031G6U6, STM32C031K4T3, STM32C031K4T6, STM32C031K4U3, STM32C031K4U6, STM32C031K6T3, STM32C031K6T6, STM32C031K6U3, STM32C031K6U6, STM32G071K8TXN, STM32G071K8UXN, STM32G081GBU6N, STM32G081KBT6N, STM32G081KBUXN, STM32G0B1CCT6N, STM32G0B1KCT6, STM32G0B1NEY6TR, STM32G0B1RCT6N, STM32G0C1CCT6, STM32G0C1CCT6N, STM32G0C1CCU6N, STM32G0C1CET6N, STM32G0C1CEU6N, STM32G0C1KCT6, STM32G0C1NEY6TR, STM32G0C1RCI6N, STM32G0C1RCT6N, STM32G0C1REI6N, STM32G0C1RET6N, STM32G0C1VCI6, STM32G0C1VEI6, STM32G471CCT6, STM32G471CCU6, STM32G471CET3, STM32G471CET6, STM32G471CEU3, STM32G471CEU6, STM32G471MCT6, STM32G471MET3, STM32G471MET6, STM32G471MEY6TR, STM32G471QCT6, STM32G471QET3, STM32G471RCT6, STM32G471RET3, STM32G471RET6, STM32G471VCH6, STM32G471VCI6, STM32G471VCT6, STM32G471VEH3, STM32G471VEH6, STM32G471VEI3, STM32G471VEI6, STM32G471VET3, STM32G471VET6, STM32G474CCT6, STM32H503CBT6, STM32H503CBU6, STM32H503EBY6TR, STM32H503KBU6, STM32H503RBT6, STM32H562AGI6, STM32H562AII6, STM32H562IGK6, STM32H562IGT6, STM32H562IIK6, STM32H562IIT6, STM32H562RGT6, STM32H562RGV6, STM32H562RIT6, STM32H562RIV6, STM32H562VGT6, STM32H562VIT6, STM32H562ZGT6, STM32H562ZIT6, STM32H563AGI6, STM32H563AII3Q, STM32H563AII6, STM32H563IGK6, STM32H563IGT6, STM32H563IIK3Q, STM32H563IIK6, STM32H563IIT3Q, STM32H563IIT6, STM32H563MIY3QTR, STM32H563RGT6, STM32H563RGV6, STM32H563RIT6, STM32H563RIV6, STM32H563VGT6, STM32H563VIT3Q, STM32H563VIT6, STM32H563ZGT6, STM32H563ZIT3Q, STM32H563ZIT6, STM32H573AII3Q, STM32H573AII6, STM32H573I-DK, STM32H573IIK3Q, STM32H573IIK6, STM32H573IIT3Q, STM32H573IIT6, STM32H573MIY3QTR, STM32H573RIT6, STM32H573RIV6, STM32H573VIT3Q, STM32H573VIT6, STM32H573ZIT3Q, STM32H573ZIT6, STM32L4R5QGI6STR, STM32MP131AAE3, STM32MP131AAF3, STM32MP131AAG3, STM32MP131CAE3, STM32MP131CAF3, STM32MP131CAG3, STM32MP131DAE7, STM32MP131DAF7, STM32MP131DAG7, STM32MP131FAE7, STM32MP131FAF7, STM32MP131FAG7, STM32MP133AAE3, STM32MP133AAF3, STM32MP133AAG3, STM32MP133CAE3, STM32MP133CAF3, STM32MP133CAG3, STM32MP133DAE7, STM32MP133DAF7, STM32MP133DAG7, STM32MP133FAE7, STM32MP133FAF7, STM32MP133FAG7, STM32MP135AAE3, STM32MP135AAF3, STM32MP135AAG3, STM32MP135CAE3, STM32MP135CAF3, STM32MP135CAG3, STM32MP135DAE7, STM32MP135DAF7, STM32MP135DAG7, STM32MP135F-DK, STM32MP135FAE7, STM32MP135FAF7, STM32MP135FAF7T, STM32MP135FAF7U, STM32MP135FAG7, STM32U535CBT6, STM32U535CBT6Q, STM32U535CBU6, STM32U535CBU6Q, STM32U535CCT6, STM32U535CCT6Q, STM32U535CCU6, STM32U535CCU6Q, STM32U535CET6, STM32U535CET6Q, STM32U535CEU6, STM32U535CEU6Q, STM32U535JEY6QTR, STM32U535NCY6QTR, STM32U535NEY6QTR, STM32U535RBI6, STM32U535RBI6Q, STM32U535RBT6, STM32U535RBT6Q, STM32U535RCI6, STM32U535RCI6Q, STM32U535RCT6, STM32U535RCT6Q, STM32U535REI6, STM32U535REI6Q, STM32U535RET6, STM32U535RET6Q, STM32U535VCI6, STM32U535VCI6Q, STM32U535VCT6, STM32U535VCT6Q, STM32U535VEI6, STM32U535VEI6Q, STM32U535VET6, STM32U535VET6Q, STM32U545CET6, STM32U545CET6Q, STM32U545CEU6, STM32U545CEU6Q, STM32U545JEY6QTR, STM32U545NEY6QTR, STM32U545REI6, STM32U545REI6Q, STM32U545RET6, STM32U545RET6Q, STM32U545VEI6, STM32U545VEI6Q, STM32U545VET6, STM32U545VET6Q, STM32U595AIH6, STM32U595AIH6Q, STM32U595AJH6, STM32U595AJH6Q, STM32U595QII6, STM32U595QII6Q, STM32U595QJI6, STM32U595QJI6Q, STM32U595RIT6, STM32U595RIT6Q, STM32U595RJT6, STM32U595RJT6Q, STM32U595VIT6, STM32U595VIT6Q, STM32U595VJT6, STM32U595VJT6Q, STM32U595ZIT6, STM32U595ZIT6Q, STM32U595ZIY6QTR, STM32U595ZJT6, STM32U595ZJT6Q, STM32U595ZJY6QTR, STM32U599BJY6QTR, STM32U599NIH6Q, STM32U599NJH6Q, STM32U599VIT6Q, STM32U599VJT6, STM32U599VJT6Q, STM32U599ZIT6Q, STM32U599ZIY6QTR, STM32U599ZJT6Q, STM32U599ZJY6QTR, STM32U5A5AJH6, STM32U5A5AJH6Q, STM32U5A5QJI6, STM32U5A5QJI6Q, STM32U5A5RJT6, STM32U5A5RJT6Q, STM32U5A5VJT6, STM32U5A5VJT6Q, STM32U5A5ZJT6, STM32U5A5ZJT6Q, STM32U5A5ZJY6QTR, STM32U5A9BJY6QTR, STM32U5A9J-DK, STM32U5A9NJH6Q, STM32U5A9VJT6Q, STM32U5A9ZJT6Q, STM32U5A9ZJY6QTR, STM32WB1MMCH6, STM32WBA52CEU6, STM32WBA52CEU6T, STM32WBA52CGU6, STM32WBA52CGU6T, STM32WL5MOCH6, STM32WL5MOCH6TR]
2025-01-18 17:45:37,305 [INFO] DbMcus:216 - Found 3772 MCUs, 3772 are supported
2025-01-18 17:45:37,321 [INFO] ApiDb:423 - Load user favorites file C:\Users\ASUS/.stm32cubeide/favorites.mcus.txt: 1 item(s)
2025-01-18 17:45:37,321 [INFO] ApiDb:427 - User favorites MCUs=[STM32F401CCU6]
2025-01-18 17:45:37,322 [INFO] DbMcus:222 - Set 1 / 1 favorites MCUs
2025-01-18 17:45:37,598 [INFO] ApiDb:423 - Load user favorites file C:\Users\ASUS/.stm32cubeide/favorites.boards.txt: 0 item(s)
2025-01-18 17:45:37,598 [INFO] ApiDb:427 - User favorites Boards=[]
2025-01-18 17:45:37,598 [INFO] DbBoards:190 - Set 0 / 0 favorites Boards
2025-01-18 17:45:37,599 [INFO] McuFinderGlobals:66 - Set McuFinderConnectedMode to false
2025-01-18 17:45:37,621 [INFO] MultiScanPanel:200 - Auto-refresh data requested => check proxy status ongoing
2025-01-18 17:45:37,621 [INFO] MultiScanPanel:204 - Proxy status is invalid
2025-01-18 17:45:37,631 [INFO] FinderPluginLoader:95 - Searching for filters in installed packs
2025-01-18 17:45:39,976 [WARN] DetailPanel:346 - Failed to get advertising image, set to default
2025-01-18 17:46:17,593 [ERROR] ServerAccessManage:1096 - Problem, Http access forbiden
2025-01-18 17:46:17,600 [INFO] MainUpdater:2854 - connection check result : 22
2025-01-18 17:46:17,712 [ERROR] ServerAccessManage:1096 - Problem, Http access forbiden
2025-01-18 17:46:17,713 [INFO] MainUpdater:2854 - connection check result : 22
2025-01-18 17:46:20,887 [ERROR] ServerAccessManage:1096 - Problem, Http access forbiden
2025-01-18 17:46:20,889 [INFO] MainUpdater:2854 - connection check result : 22
2025-01-18 17:46:22,042 [INFO] MicroXplorer:468 - Change Database Path : 
2025-01-18 17:46:22,042 [INFO] MicroXplorer:498 - Change Database Version : DB.6.0.80
2025-01-18 17:46:22,043 [WARN] ThirdParty:871 - waiting for thirdparty lock release [close project]
2025-01-18 17:46:22,043 [INFO] ThirdParty:873 - entering critical section [close project]
2025-01-18 17:46:22,046 [INFO] ThirdParty:883 - exiting critical section [close project]
2025-01-18 17:46:22,053 [INFO] PinOutPanel:1499 - setPackage(No Configuration,No Configuration)
2025-01-18 17:46:22,059 [INFO] UtilMem:75 - Begin LoadConfig() Used Memory: 323136952 Bytes (465567744)
2025-01-18 17:46:22,061 [INFO] MicroXplorer:468 - Change Database Path : 
2025-01-18 17:46:22,061 [INFO] MicroXplorer:498 - Change Database Version : DB.6.0.80
2025-01-18 17:46:22,061 [INFO] OpenFileManager:308 - Change cursor
2025-01-18 17:46:22,539 [INFO] Mcu:1937 - Initializing MCU STM32F401CCUx STM32F401CCUx 
2025-01-18 17:46:22,540 [INFO] Mcu:1950 - No CPN specified => set CPN to STM32F401CCU6
2025-01-18 17:46:24,852 [INFO] Context:659 - Trying to add GPIOservice into a context  which must be forbidden
2025-01-18 17:46:25,432 [INFO] ImportTextPane:194 - (OptionalMessage_ERROR) Unable to find key (Mcu.ThirdPartyNb) in loaded IOC file
2025-01-18 17:46:25,432 [INFO] ImportTextPane:194 - (OptionalMessage_ERROR) Unable to find key (Mcu.PinsNb) in loaded IOC file
2025-01-18 17:46:25,432 [INFO] ImportTextPane:194 - (OptionalMessage_ERROR) Unable to find key (Mcu.IPNb) in loaded IOC file
2025-01-18 17:46:25,554 [INFO] RtosManager:555 - Registered RTOS mode: class=CMSIS, group=RTOS, mode=CMSIS_V1, owner=FREERTOS
2025-01-18 17:46:25,554 [INFO] RtosManager:555 - Registered RTOS mode: class=CMSIS, group=RTOS2, mode=CMSIS_V2, owner=FREERTOS
2025-01-18 17:46:25,554 [INFO] RtosManager:555 - Registered RTOS mode: class=RTOS, group=Core, mode=CMSIS_V1, owner=FREERTOS
2025-01-18 17:46:25,554 [INFO] RtosManager:555 - Registered RTOS mode: class=RTOS, group=Core, mode=CMSIS_V2, owner=FREERTOS
2025-01-18 17:46:25,555 [WARN] ModelIntegratedComponent:184 - Missing modes for component STMicroelectronics:FreeRTOS:0.0.1:STMicroelectronics:RTOS:FreeRTOS:Core:::10.2.0:
2025-01-18 17:46:25,557 [WARN] ModelIntegratedComponent:182 - Modes not found for component STMicroelectronics:USB_DEVICE:1.0.0:STMicroelectronics:USB::USB Device:Audio HS::1.0:USB_DEVICE_1_0_RESTRICTED_HS
2025-01-18 17:46:25,558 [WARN] ModelIntegratedComponent:188 - Modes not found for component STMicroelectronics:USB_DEVICE:1.0.0:STMicroelectronics:USB::USB Device:Audio HS::1.0:USB_DEVICE_1_0_RESTRICTED_HS
2025-01-18 17:46:25,558 [WARN] ModelIntegratedComponent:182 - Modes not found for component STMicroelectronics:USB_DEVICE:1.0.0:STMicroelectronics:USB::USB Device:CDC HS::1.0:USB_DEVICE_1_0_RESTRICTED_HS
2025-01-18 17:46:25,558 [WARN] ModelIntegratedComponent:188 - Modes not found for component STMicroelectronics:USB_DEVICE:1.0.0:STMicroelectronics:USB::USB Device:CDC HS::1.0:USB_DEVICE_1_0_RESTRICTED_HS
2025-01-18 17:46:25,558 [WARN] ModelIntegratedComponent:182 - Modes not found for component STMicroelectronics:USB_DEVICE:1.0.0:STMicroelectronics:USB::USB Device:DFU HS::1.0:USB_DEVICE_1_0_RESTRICTED_HS
2025-01-18 17:46:25,558 [WARN] ModelIntegratedComponent:188 - Modes not found for component STMicroelectronics:USB_DEVICE:1.0.0:STMicroelectronics:USB::USB Device:DFU HS::1.0:USB_DEVICE_1_0_RESTRICTED_HS
2025-01-18 17:46:25,558 [WARN] ModelIntegratedComponent:182 - Modes not found for component STMicroelectronics:USB_DEVICE:1.0.0:STMicroelectronics:USB::USB Device:HID HS::1.0:USB_DEVICE_1_0_RESTRICTED_HS
2025-01-18 17:46:25,558 [WARN] ModelIntegratedComponent:188 - Modes not found for component STMicroelectronics:USB_DEVICE:1.0.0:STMicroelectronics:USB::USB Device:HID HS::1.0:USB_DEVICE_1_0_RESTRICTED_HS
2025-01-18 17:46:25,559 [WARN] ModelIntegratedComponent:182 - Modes not found for component STMicroelectronics:USB_DEVICE:1.0.0:STMicroelectronics:USB::USB Device:Custom HID HS::1.0:USB_DEVICE_1_0_RESTRICTED_HS
2025-01-18 17:46:25,559 [WARN] ModelIntegratedComponent:188 - Modes not found for component STMicroelectronics:USB_DEVICE:1.0.0:STMicroelectronics:USB::USB Device:Custom HID HS::1.0:USB_DEVICE_1_0_RESTRICTED_HS
2025-01-18 17:46:25,559 [WARN] ModelIntegratedComponent:182 - Modes not found for component STMicroelectronics:USB_DEVICE:1.0.0:STMicroelectronics:USB::USB Device:MSC HS::1.0:USB_DEVICE_1_0_RESTRICTED_HS
2025-01-18 17:46:25,559 [WARN] ModelIntegratedComponent:188 - Modes not found for component STMicroelectronics:USB_DEVICE:1.0.0:STMicroelectronics:USB::USB Device:MSC HS::1.0:USB_DEVICE_1_0_RESTRICTED_HS
2025-01-18 17:46:25,561 [WARN] ModelIntegratedComponent:63 - No mode defined for component null
2025-01-18 17:46:25,562 [WARN] ModelIntegratedComponent:63 - No mode defined for component null
2025-01-18 17:46:25,562 [WARN] ModelIntegratedComponent:63 - No mode defined for component null
2025-01-18 17:46:25,562 [WARN] ModelIntegratedComponent:63 - No mode defined for component null
2025-01-18 17:46:25,562 [WARN] ModelIntegratedComponent:63 - No mode defined for component null
2025-01-18 17:46:25,563 [WARN] ModelIntegratedComponent:63 - No mode defined for component null
2025-01-18 17:46:25,563 [WARN] ModelIntegratedComponent:63 - No mode defined for component null
2025-01-18 17:46:25,563 [WARN] ModelIntegratedComponent:63 - No mode defined for component null
2025-01-18 17:46:25,563 [WARN] ModelIntegratedComponent:63 - No mode defined for component null
2025-01-18 17:46:25,563 [WARN] ModelIntegratedComponent:63 - No mode defined for component null
2025-01-18 17:46:25,564 [WARN] ModelIntegratedComponent:63 - No mode defined for component null
2025-01-18 17:46:25,564 [WARN] ModelIntegratedComponent:63 - No mode defined for component null
2025-01-18 17:46:25,564 [WARN] ModelIntegratedComponent:63 - No mode defined for component null
2025-01-18 17:46:25,564 [WARN] ModelIntegratedComponent:63 - No mode defined for component null
2025-01-18 17:46:25,564 [WARN] ModelIntegratedComponent:63 - No mode defined for component null
2025-01-18 17:46:25,564 [WARN] ModelIntegratedComponent:63 - No mode defined for component null
2025-01-18 17:46:25,564 [WARN] ModelIntegratedComponent:63 - No mode defined for component null
2025-01-18 17:46:25,565 [WARN] ModelIntegratedComponent:63 - No mode defined for component null
2025-01-18 17:46:25,565 [WARN] ModelIntegratedComponent:63 - No mode defined for component null
2025-01-18 17:46:25,565 [WARN] ModelIntegratedComponent:63 - No mode defined for component null
2025-01-18 17:46:25,565 [WARN] ModelIntegratedComponent:63 - No mode defined for component null
2025-01-18 17:46:25,565 [WARN] ModelIntegratedComponent:63 - No mode defined for component null
2025-01-18 17:46:25,565 [WARN] ModelIntegratedComponent:63 - No mode defined for component null
2025-01-18 17:46:25,565 [WARN] ModelIntegratedComponent:63 - No mode defined for component null
2025-01-18 17:46:25,565 [WARN] ModelIntegratedComponent:63 - No mode defined for component null
2025-01-18 17:46:25,565 [WARN] ModelIntegratedComponent:63 - No mode defined for component null
2025-01-18 17:46:25,566 [WARN] ModelIntegratedComponent:63 - No mode defined for component null
2025-01-18 17:46:25,566 [WARN] ModelIntegratedComponent:63 - No mode defined for component null
2025-01-18 17:46:25,566 [WARN] ModelIntegratedComponent:63 - No mode defined for component null
2025-01-18 17:46:25,566 [WARN] ModelIntegratedComponent:63 - No mode defined for component null
2025-01-18 17:46:25,566 [WARN] ModelIntegratedComponent:63 - No mode defined for component null
2025-01-18 17:46:25,566 [WARN] ModelIntegratedComponent:63 - No mode defined for component null
2025-01-18 17:46:25,566 [WARN] ModelIntegratedComponent:63 - No mode defined for component null
2025-01-18 17:46:25,570 [WARN] ModelIntegratedComponent:182 - Modes not found for component STMicroelectronics:USB_HOST:1.0.0:STMicroelectronics:USB::USB Host:Audio HS::1.0:USB_HOST_1_0_RESTRICTED_HS
2025-01-18 17:46:25,571 [WARN] ModelIntegratedComponent:188 - Modes not found for component STMicroelectronics:USB_HOST:1.0.0:STMicroelectronics:USB::USB Host:Audio HS::1.0:USB_HOST_1_0_RESTRICTED_HS
2025-01-18 17:46:25,571 [WARN] ModelIntegratedComponent:182 - Modes not found for component STMicroelectronics:USB_HOST:1.0.0:STMicroelectronics:USB::USB Host:CDC HS::1.0:USB_HOST_1_0_RESTRICTED_HS
2025-01-18 17:46:25,571 [WARN] ModelIntegratedComponent:188 - Modes not found for component STMicroelectronics:USB_HOST:1.0.0:STMicroelectronics:USB::USB Host:CDC HS::1.0:USB_HOST_1_0_RESTRICTED_HS
2025-01-18 17:46:25,571 [WARN] ModelIntegratedComponent:182 - Modes not found for component STMicroelectronics:USB_HOST:1.0.0:STMicroelectronics:USB::USB Host:MSC HS::1.0:USB_HOST_1_0_RESTRICTED_HS
2025-01-18 17:46:25,571 [WARN] ModelIntegratedComponent:188 - Modes not found for component STMicroelectronics:USB_HOST:1.0.0:STMicroelectronics:USB::USB Host:MSC HS::1.0:USB_HOST_1_0_RESTRICTED_HS
2025-01-18 17:46:25,572 [WARN] ModelIntegratedComponent:182 - Modes not found for component STMicroelectronics:USB_HOST:1.0.0:STMicroelectronics:USB::USB Host:HID HS::1.0:USB_HOST_1_0_RESTRICTED_HS
2025-01-18 17:46:25,572 [WARN] ModelIntegratedComponent:188 - Modes not found for component STMicroelectronics:USB_HOST:1.0.0:STMicroelectronics:USB::USB Host:HID HS::1.0:USB_HOST_1_0_RESTRICTED_HS
2025-01-18 17:46:25,572 [WARN] ModelIntegratedComponent:182 - Modes not found for component STMicroelectronics:USB_HOST:1.0.0:STMicroelectronics:USB::USB Host:MTP HS::1.0:USB_HOST_1_0_RESTRICTED_HS
2025-01-18 17:46:25,572 [WARN] ModelIntegratedComponent:188 - Modes not found for component STMicroelectronics:USB_HOST:1.0.0:STMicroelectronics:USB::USB Host:MTP HS::1.0:USB_HOST_1_0_RESTRICTED_HS
2025-01-18 17:46:25,581 [INFO] ThirdPartyModel:298 - Start build external matchings
2025-01-18 17:46:25,583 [INFO] ThirdPartyModel:316 - End build external matchings
2025-01-18 17:46:25,960 [INFO] UtilMem:75 - End LoadConfig() Used Memory: 202738248 Bytes (465567744)
2025-01-18 17:46:26,034 [WARN] ThirdParty:833 - waiting for thirdparty lock release [change project]
2025-01-18 17:46:26,035 [INFO] ThirdParty:835 - entering critical section [change project]
2025-01-18 17:46:26,035 [INFO] ThirdParty:1030 - CMSIS Pack Vendor :STMicroelectronics ThreadX 1.0.0
2025-01-18 17:46:26,035 [INFO] ThirdParty:1030 - CMSIS Pack Vendor :STMicroelectronics USB_HOST 2.0.0
2025-01-18 17:46:26,035 [INFO] ThirdParty:1030 - CMSIS Pack Vendor :STMicroelectronics LIBJPEG 8.0.0
2025-01-18 17:46:26,035 [INFO] ThirdParty:1030 - CMSIS Pack Vendor :STMicroelectronics FreeRTOS 0.0.1
2025-01-18 17:46:26,035 [INFO] ThirdParty:1030 - CMSIS Pack Vendor :STMicroelectronics USB_DEVICE 1.0.0
2025-01-18 17:46:26,036 [INFO] ThirdParty:1030 - CMSIS Pack Vendor :STMicroelectronics STM32_WPAN 1.0.0
2025-01-18 17:46:26,036 [INFO] ThirdParty:1030 - CMSIS Pack Vendor :STMicroelectronics USB_DEVICE 3.0.0
2025-01-18 17:46:26,036 [INFO] ThirdParty:1030 - CMSIS Pack Vendor :STMicroelectronics HAL Drivers 0.0.0
2025-01-18 17:46:26,036 [INFO] ThirdParty:1030 - CMSIS Pack Vendor :STMicroelectronics MBEDTLS 2.16.2
2025-01-18 17:46:26,036 [INFO] ThirdParty:1030 - CMSIS Pack Vendor :STMicroelectronics ThreadX 0.0.2
2025-01-18 17:46:26,036 [INFO] ThirdParty:1030 - CMSIS Pack Vendor :STMicroelectronics lwIP 2.0.3
2025-01-18 17:46:26,036 [INFO] ThirdParty:1030 - CMSIS Pack Vendor :STMicroelectronics lwIP 2.1.2
2025-01-18 17:46:26,036 [INFO] ThirdParty:1030 - CMSIS Pack Vendor :STMicroelectronics MBEDTLS 2.14.1
2025-01-18 17:46:26,036 [INFO] ThirdParty:1030 - CMSIS Pack Vendor :STMicroelectronics USB_HOST 1.0.0
2025-01-18 17:46:26,036 [INFO] ThirdParty:1030 - CMSIS Pack Vendor :STMicroelectronics PDM2PCM 3.1.0
2025-01-18 17:46:26,037 [INFO] ThirdParty:1030 - CMSIS Pack Vendor :STMicroelectronics PDM2PCM 3.2.0
2025-01-18 17:46:26,037 [INFO] ThirdParty:1030 - CMSIS Pack Vendor :STMicroelectronics USB_DEVICE 2.0.0
2025-01-18 17:46:26,037 [INFO] ThirdParty:1030 - CMSIS Pack Vendor :STMicroelectronics PDM2PCM 3.3.0
2025-01-18 17:46:26,037 [INFO] ThirdParty:841 - exiting critical section [change project]
2025-01-18 17:46:26,741 [INFO] PinOutPanel:1499 - setPackage(No Configuration,No Configuration)
2025-01-18 17:46:26,743 [INFO] PinOutPanel:1499 - setPackage(STM32F401CCUx,UFQFPN48)
2025-01-18 17:46:27,655 [INFO] UtilMem:75 - Before build in PCC Used Memory: 191642848 Bytes (465567744)
2025-01-18 17:46:29,073 [INFO] UtilMem:75 - After build in PCC Used Memory: 200775176 Bytes (465567744)
2025-01-18 17:46:29,109 [INFO] IPUIPlugin:80 - create IPUIPlugin
2025-01-18 17:46:29,110 [INFO] IPUIPlugin:80 - create IPUIPlugin
2025-01-18 17:46:29,110 [INFO] IPUIPlugin:80 - create IPUIPlugin
2025-01-18 17:46:29,110 [INFO] IPUIPlugin:80 - create IPUIPlugin
2025-01-18 17:46:29,111 [INFO] IPUIPlugin:80 - create IPUIPlugin
2025-01-18 17:46:29,111 [INFO] IPUIPlugin:80 - create IPUIPlugin
2025-01-18 17:46:29,111 [INFO] IPUIPlugin:80 - create IPUIPlugin
2025-01-18 17:46:29,111 [INFO] IPUIPlugin:80 - create IPUIPlugin
2025-01-18 17:46:29,112 [INFO] IPUIPlugin:80 - create IPUIPlugin
2025-01-18 17:46:29,112 [INFO] IPUIPlugin:80 - create IPUIPlugin
2025-01-18 17:46:29,112 [INFO] IPUIPlugin:80 - create IPUIPlugin
2025-01-18 17:46:29,113 [INFO] IPUIPlugin:80 - create IPUIPlugin
2025-01-18 17:46:29,113 [INFO] IPUIPlugin:80 - create IPUIPlugin
2025-01-18 17:46:29,113 [INFO] IPUIPlugin:80 - create IPUIPlugin
2025-01-18 17:46:29,114 [INFO] IPUIPlugin:80 - create IPUIPlugin
2025-01-18 17:46:29,114 [INFO] IPUIPlugin:80 - create IPUIPlugin
2025-01-18 17:46:29,115 [INFO] IPUIPlugin:80 - create IPUIPlugin
2025-01-18 17:46:29,115 [INFO] IPUIPlugin:80 - create IPUIPlugin
2025-01-18 17:46:29,115 [INFO] IPUIPlugin:80 - create IPUIPlugin
2025-01-18 17:46:29,116 [INFO] IPUIPlugin:80 - create IPUIPlugin
2025-01-18 17:46:29,116 [INFO] IPUIPlugin:80 - create IPUIPlugin
2025-01-18 17:46:29,116 [INFO] IPUIPlugin:80 - create IPUIPlugin
2025-01-18 17:46:29,117 [INFO] IPUIPlugin:80 - create IPUIPlugin
2025-01-18 17:46:29,117 [INFO] IPUIPlugin:80 - create IPUIPlugin
2025-01-18 17:46:29,119 [INFO] IPUIPlugin:80 - create IPUIPlugin
2025-01-18 17:46:29,120 [INFO] IPUIPlugin:80 - create IPUIPlugin
2025-01-18 17:46:29,120 [INFO] IPUIPlugin:80 - create IPUIPlugin
2025-01-18 17:46:29,120 [INFO] IPUIPlugin:80 - create IPUIPlugin
2025-01-18 17:46:29,121 [INFO] IPUIPlugin:80 - create IPUIPlugin
2025-01-18 17:46:29,121 [INFO] IPUIPlugin:80 - create IPUIPlugin
2025-01-18 17:46:29,121 [INFO] IPUIPlugin:80 - create IPUIPlugin
2025-01-18 17:46:29,122 [INFO] IPUIPlugin:80 - create IPUIPlugin
2025-01-18 17:46:29,122 [INFO] IPUIPlugin:80 - create IPUIPlugin
2025-01-18 17:46:29,123 [INFO] IPUIPlugin:80 - create IPUIPlugin
2025-01-18 17:46:29,123 [INFO] IPUIPlugin:80 - create IPUIPlugin
2025-01-18 17:46:29,123 [INFO] IPUIPlugin:80 - create IPUIPlugin
2025-01-18 17:46:29,124 [INFO] IPUIPlugin:80 - create IPUIPlugin
2025-01-18 17:46:29,267 [INFO] ApiDbMcu:507 - Load IP Config File for PDM2PCM
2025-01-18 17:46:29,631 [INFO] CADModel:165 - CPN selected for project levelSTM32F401CCU6
2025-01-18 17:46:29,631 [INFO] CADModel:114 - Register for checkConnection events
2025-01-18 17:46:29,689 [INFO] OpenFileManager:328 - Restore cursor
2025-01-18 17:46:31,243 [INFO] UtilMem:75 - End SaveConfig() Used Memory: 342290176 Bytes (465567744)
2025-01-18 17:46:31,371 [INFO] UtilMem:75 - End SaveConfig() Used Memory: 355442184 Bytes (465567744)
2025-01-18 17:46:32,518 [INFO] BlockDiagram:2759 - set Specific Code input for plugin: NVIC
2025-01-18 17:46:32,519 [INFO] BlockDiagram:2759 - set Specific Code input for plugin: RCC
2025-01-18 17:46:32,523 [INFO] CodeGenerator:793 - code generatio: config db path: C:\ST\STM32CubeIDE_1.12.0\STM32CubeIDE\plugins\com.st.stm32cube.common.mx_6.8.0.202302231600\\db\
2025-01-18 17:46:33,274 [INFO] CodeEngine:255 - oldGeneratedFile, C:\Users\ASUS\Documents\GitHub\Embedded.STM32\lesson1.1\MXTmpFiles\license.tmp_save
2025-01-18 17:46:33,900 [INFO] CodeEngine:279 - Generated code: C:\Users\ASUS\Documents\GitHub\Embedded.STM32\lesson1.1\MXTmpFiles\license.tmp
2025-01-18 17:46:33,941 [INFO] CodeEngine:255 - oldGeneratedFile, C:\Users\ASUS\Documents\GitHub\Embedded.STM32\lesson1.1\Core\Src\stm32f4xx_it.c_save
2025-01-18 17:46:34,195 [INFO] CodeEngine:279 - Generated code: C:\Users\ASUS\Documents\GitHub\Embedded.STM32\lesson1.1\Core\Src\stm32f4xx_it.c
2025-01-18 17:46:34,216 [INFO] CodeEngine:255 - oldGeneratedFile, C:\Users\ASUS\Documents\GitHub\Embedded.STM32\lesson1.1\Core\Inc\stm32f4xx_it.h_save
2025-01-18 17:46:34,362 [INFO] CodeEngine:279 - Generated code: C:\Users\ASUS\Documents\GitHub\Embedded.STM32\lesson1.1\Core\Inc\stm32f4xx_it.h
2025-01-18 17:46:34,570 [INFO] CodeEngine:255 - oldGeneratedFile, C:\Users\ASUS\Documents\GitHub\Embedded.STM32\lesson1.1\Core\Src\stm32f4xx_hal_msp.c_save
2025-01-18 17:46:34,910 [INFO] CodeEngine:279 - Generated code: C:\Users\ASUS\Documents\GitHub\Embedded.STM32\lesson1.1\Core\Src\stm32f4xx_hal_msp.c
2025-01-18 17:46:34,933 [INFO] CodeEngine:255 - oldGeneratedFile, C:\Users\ASUS\Documents\GitHub\Embedded.STM32\lesson1.1\MXTmpFiles\system.tmp_save
2025-01-18 17:46:35,191 [INFO] CodeEngine:279 - Generated code: C:\Users\ASUS\Documents\GitHub\Embedded.STM32\lesson1.1\MXTmpFiles\system.tmp
2025-01-18 17:46:35,223 [INFO] CodeEngine:311 - oldGeneratedFile, C:\Users\ASUS\Documents\GitHub\Embedded.STM32\lesson1.1\Core\Inc\stm32f4xx_hal_conf.h_save
2025-01-18 17:46:35,398 [INFO] CodeEngine:335 - Generated code: C:\Users\ASUS\Documents\GitHub\Embedded.STM32\lesson1.1\Core\Inc\stm32f4xx_hal_conf.h
2025-01-18 17:46:35,498 [INFO] CodeEngine:255 - oldGeneratedFile, C:\Users\ASUS\Documents\GitHub\Embedded.STM32\lesson1.1\Core\Inc\main.h_save
2025-01-18 17:46:35,700 [INFO] CodeEngine:279 - Generated code: C:\Users\ASUS\Documents\GitHub\Embedded.STM32\lesson1.1\Core\Inc\main.h
2025-01-18 17:46:35,710 [INFO] CodeEngine:255 - oldGeneratedFile, C:\Users\ASUS\Documents\GitHub\Embedded.STM32\lesson1.1\Core\Src\main.c_save
2025-01-18 17:46:35,968 [INFO] CodeEngine:279 - Generated code: C:\Users\ASUS\Documents\GitHub\Embedded.STM32\lesson1.1\Core\Src\main.c
2025-01-18 17:46:38,344 [INFO] ProjectBuilder:2996 - Time for Copy HAL[1] : 799mS.
2025-01-18 17:46:38,375 [INFO] ProjectBuilder:4304 - Project Generator version: 3.19.2
2025-01-18 17:46:39,166 [INFO] ConfigFileManager:1483 - The Die is : DIE423
2025-01-18 17:46:39,217 [INFO] ApiDbMcu:507 - Load IP Config File for FATFS
2025-01-18 17:46:39,251 [INFO] ApiDbMcu:507 - Load IP Config File for FREERTOS
2025-01-18 17:46:39,279 [INFO] ApiDbMcu:507 - Load IP Config File for LIBJPEG
2025-01-18 17:46:39,307 [INFO] ApiDbMcu:507 - Load IP Config File for MBEDTLS
2025-01-18 17:46:39,409 [INFO] ApiDbMcu:507 - Load IP Config File for USB_DEVICE
2025-01-18 17:46:39,434 [INFO] ApiDbMcu:507 - Load IP Config File for USB_HOST
2025-01-18 17:46:41,513 [INFO] LogOutputStream:77 - [STDOUT_REDIRECT] 
2025-01-18 17:46:48,307 [INFO] ProjectBuilder:4505 - Time for Generating toolchain IDE Files: 9932mS.
2025-01-18 17:46:48,309 [INFO] ProjectBuilder:2867 - Time for Copy CMSIS : 1mS.
2025-01-18 17:46:48,316 [INFO] ProjectBuilder:2867 - Time for Copy CMSIS : 0mS.
2025-01-18 17:46:50,080 [INFO] McuFinderGlobals:66 - Set McuFinderConnectedMode to true
2025-01-18 17:46:50,082 [INFO] ApiDb:448 - Save user favorites file C:\Users\ASUS/.stm32cubeide/favorites.mcus.txt: 1 item(s)
2025-01-18 17:46:50,083 [INFO] ApiDb:452 - User favorites MCUs=[STM32F401CCU6]
2025-01-18 17:48:14,430 [INFO] UtilMem:75 - End SaveConfig() Used Memory: 476739272 Bytes (671088640)
2025-01-18 17:48:16,115 [INFO] UtilMem:75 - End SaveConfig() Used Memory: 497104688 Bytes (671088640)
2025-01-18 17:48:16,340 [INFO] UtilMem:75 - End SaveConfig() Used Memory: 513943736 Bytes (671088640)
2025-01-18 17:48:16,836 [INFO] BlockDiagram:2759 - set Specific Code input for plugin: NVIC
2025-01-18 17:48:16,837 [INFO] BlockDiagram:2759 - set Specific Code input for plugin: GPIO
2025-01-18 17:48:16,837 [INFO] BlockDiagram:2759 - set Specific Code input for plugin: RCC
2025-01-18 17:48:16,838 [INFO] CodeGenerator:793 - code generatio: config db path: C:\ST\STM32CubeIDE_1.12.0\STM32CubeIDE\plugins\com.st.stm32cube.common.mx_6.8.0.202302231600\\db\
2025-01-18 17:48:17,229 [INFO] CodeEngine:255 - oldGeneratedFile, C:\Users\ASUS\Documents\GitHub\Embedded.STM32\lesson1.1\MXTmpFiles\license.tmp_save
2025-01-18 17:48:17,371 [INFO] CodeEngine:279 - Generated code: C:\Users\ASUS\Documents\GitHub\Embedded.STM32\lesson1.1\MXTmpFiles\license.tmp
2025-01-18 17:48:17,521 [INFO] CodeEngine:255 - oldGeneratedFile, C:\Users\ASUS\Documents\GitHub\Embedded.STM32\lesson1.1\MXTmpFiles\gpio.tmp_save
2025-01-18 17:48:17,638 [INFO] CodeEngine:279 - Generated code: C:\Users\ASUS\Documents\GitHub\Embedded.STM32\lesson1.1\MXTmpFiles\gpio.tmp
2025-01-18 17:48:17,660 [INFO] CodeEngine:255 - oldGeneratedFile, C:\Users\ASUS\Documents\GitHub\Embedded.STM32\lesson1.1\Core\Src\stm32f4xx_it.c_save
2025-01-18 17:48:17,777 [INFO] CodeEngine:279 - Generated code: C:\Users\ASUS\Documents\GitHub\Embedded.STM32\lesson1.1\Core\Src\stm32f4xx_it.c
2025-01-18 17:48:17,788 [INFO] CodeEngine:255 - oldGeneratedFile, C:\Users\ASUS\Documents\GitHub\Embedded.STM32\lesson1.1\Core\Inc\stm32f4xx_it.h_save
2025-01-18 17:48:17,888 [INFO] CodeEngine:279 - Generated code: C:\Users\ASUS\Documents\GitHub\Embedded.STM32\lesson1.1\Core\Inc\stm32f4xx_it.h
2025-01-18 17:48:17,923 [INFO] CodeEngine:255 - oldGeneratedFile, C:\Users\ASUS\Documents\GitHub\Embedded.STM32\lesson1.1\Core\Src\stm32f4xx_hal_msp.c_save
2025-01-18 17:48:18,081 [INFO] CodeEngine:279 - Generated code: C:\Users\ASUS\Documents\GitHub\Embedded.STM32\lesson1.1\Core\Src\stm32f4xx_hal_msp.c
2025-01-18 17:48:18,088 [INFO] CodeEngine:255 - oldGeneratedFile, C:\Users\ASUS\Documents\GitHub\Embedded.STM32\lesson1.1\MXTmpFiles\system.tmp_save
2025-01-18 17:48:18,180 [INFO] CodeEngine:279 - Generated code: C:\Users\ASUS\Documents\GitHub\Embedded.STM32\lesson1.1\MXTmpFiles\system.tmp
2025-01-18 17:48:18,194 [INFO] CodeEngine:311 - oldGeneratedFile, C:\Users\ASUS\Documents\GitHub\Embedded.STM32\lesson1.1\Core\Inc\stm32f4xx_hal_conf.h_save
2025-01-18 17:48:18,307 [INFO] CodeEngine:335 - Generated code: C:\Users\ASUS\Documents\GitHub\Embedded.STM32\lesson1.1\Core\Inc\stm32f4xx_hal_conf.h
2025-01-18 17:48:18,353 [INFO] CodeEngine:255 - oldGeneratedFile, C:\Users\ASUS\Documents\GitHub\Embedded.STM32\lesson1.1\Core\Inc\main.h_save
2025-01-18 17:48:18,444 [INFO] CodeEngine:279 - Generated code: C:\Users\ASUS\Documents\GitHub\Embedded.STM32\lesson1.1\Core\Inc\main.h
2025-01-18 17:48:18,455 [INFO] CodeEngine:255 - oldGeneratedFile, C:\Users\ASUS\Documents\GitHub\Embedded.STM32\lesson1.1\Core\Src\main.c_save
2025-01-18 17:48:18,581 [INFO] CodeEngine:279 - Generated code: C:\Users\ASUS\Documents\GitHub\Embedded.STM32\lesson1.1\Core\Src\main.c
2025-01-18 17:48:19,718 [INFO] ProjectBuilder:2996 - Time for Copy HAL[1] : 262mS.
2025-01-18 17:48:19,725 [INFO] ProjectBuilder:4304 - Project Generator version: 3.19.2
2025-01-18 17:48:19,998 [INFO] ConfigFileManager:1483 - The Die is : DIE423
2025-01-18 17:48:23,128 [INFO] ProjectBuilder:4505 - Time for Generating toolchain IDE Files: 3403mS.
2025-01-18 17:48:23,130 [INFO] ProjectBuilder:2867 - Time for Copy CMSIS : 0mS.
2025-01-18 17:48:23,134 [INFO] ProjectBuilder:2867 - Time for Copy CMSIS : 0mS.
2025-01-18 17:53:49,123 [ERROR] ServerAccessManage:1096 - Problem, Http access forbiden
2025-01-18 17:53:49,126 [INFO] MainUpdater:2854 - connection check result : 22
2025-01-18 17:53:49,146 [ERROR] ServerAccessManage:1096 - Problem, Http access forbiden
2025-01-18 17:53:49,148 [INFO] MainUpdater:2854 - connection check result : 22
2025-01-18 17:53:52,791 [ERROR] ServerAccessManage:1096 - Problem, Http access forbiden
2025-01-18 17:53:52,793 [INFO] MainUpdater:2854 - connection check result : 22
2025-01-18 17:53:53,689 [INFO] MicroXplorer:468 - Change Database Path : 
2025-01-18 17:53:53,689 [INFO] MicroXplorer:498 - Change Database Version : DB.6.0.80
2025-01-18 17:53:53,737 [WARN] ThirdParty:871 - waiting for thirdparty lock release [close project]
2025-01-18 17:53:53,737 [INFO] ThirdParty:873 - entering critical section [close project]
2025-01-18 17:53:53,737 [INFO] ThirdParty:883 - exiting critical section [close project]
2025-01-18 17:53:53,739 [INFO] PinOutPanel:1499 - setPackage(No Configuration,No Configuration)
2025-01-18 17:53:53,774 [WARN] IpParametersView:150 - Warning: This peripheral hasn't parameters
2025-01-18 17:53:53,818 [WARN] MainPanel:257 - <html><b><center>Warning: This peripheral has no parameters to be configured<br></b></html>
2025-01-18 17:53:53,833 [INFO] UtilMem:75 - Begin LoadConfig() Used Memory: 384023480 Bytes (710934528)
2025-01-18 17:53:53,834 [INFO] MicroXplorer:468 - Change Database Path : 
2025-01-18 17:53:53,834 [INFO] MicroXplorer:498 - Change Database Version : DB.6.0.80
2025-01-18 17:53:53,834 [INFO] OpenFileManager:308 - Change cursor
2025-01-18 17:53:53,870 [INFO] RulesReader:64 - Compatibility file has been processed (293 Rules)
2025-01-18 17:53:53,882 [INFO] Mcu:1937 - Initializing MCU STM32F401C(B-C)Ux STM32F401CCUx STM32F401CCU6
2025-01-18 17:53:55,158 [INFO] Context:659 - Trying to add GPIOservice into a context  which must be forbidden
2025-01-18 17:53:55,907 [INFO] RtosManager:555 - Registered RTOS mode: class=CMSIS, group=RTOS, mode=CMSIS_V1, owner=FREERTOS
2025-01-18 17:53:55,907 [INFO] RtosManager:555 - Registered RTOS mode: class=CMSIS, group=RTOS2, mode=CMSIS_V2, owner=FREERTOS
2025-01-18 17:53:55,907 [INFO] RtosManager:555 - Registered RTOS mode: class=RTOS, group=Core, mode=CMSIS_V1, owner=FREERTOS
2025-01-18 17:53:55,907 [INFO] RtosManager:555 - Registered RTOS mode: class=RTOS, group=Core, mode=CMSIS_V2, owner=FREERTOS
2025-01-18 17:53:55,908 [WARN] ModelIntegratedComponent:184 - Missing modes for component STMicroelectronics:FreeRTOS:0.0.1:STMicroelectronics:RTOS:FreeRTOS:Core:::10.2.0:
2025-01-18 17:53:55,908 [WARN] ModelIntegratedComponent:182 - Modes not found for component STMicroelectronics:USB_DEVICE:1.0.0:STMicroelectronics:USB::USB Device:Audio HS::1.0:USB_DEVICE_1_0_RESTRICTED_HS
2025-01-18 17:53:55,908 [WARN] ModelIntegratedComponent:188 - Modes not found for component STMicroelectronics:USB_DEVICE:1.0.0:STMicroelectronics:USB::USB Device:Audio HS::1.0:USB_DEVICE_1_0_RESTRICTED_HS
2025-01-18 17:53:55,909 [WARN] ModelIntegratedComponent:182 - Modes not found for component STMicroelectronics:USB_DEVICE:1.0.0:STMicroelectronics:USB::USB Device:CDC HS::1.0:USB_DEVICE_1_0_RESTRICTED_HS
2025-01-18 17:53:55,909 [WARN] ModelIntegratedComponent:188 - Modes not found for component STMicroelectronics:USB_DEVICE:1.0.0:STMicroelectronics:USB::USB Device:CDC HS::1.0:USB_DEVICE_1_0_RESTRICTED_HS
2025-01-18 17:53:55,909 [WARN] ModelIntegratedComponent:182 - Modes not found for component STMicroelectronics:USB_DEVICE:1.0.0:STMicroelectronics:USB::USB Device:DFU HS::1.0:USB_DEVICE_1_0_RESTRICTED_HS
2025-01-18 17:53:55,909 [WARN] ModelIntegratedComponent:188 - Modes not found for component STMicroelectronics:USB_DEVICE:1.0.0:STMicroelectronics:USB::USB Device:DFU HS::1.0:USB_DEVICE_1_0_RESTRICTED_HS
2025-01-18 17:53:55,909 [WARN] ModelIntegratedComponent:182 - Modes not found for component STMicroelectronics:USB_DEVICE:1.0.0:STMicroelectronics:USB::USB Device:HID HS::1.0:USB_DEVICE_1_0_RESTRICTED_HS
2025-01-18 17:53:55,909 [WARN] ModelIntegratedComponent:188 - Modes not found for component STMicroelectronics:USB_DEVICE:1.0.0:STMicroelectronics:USB::USB Device:HID HS::1.0:USB_DEVICE_1_0_RESTRICTED_HS
2025-01-18 17:53:55,909 [WARN] ModelIntegratedComponent:182 - Modes not found for component STMicroelectronics:USB_DEVICE:1.0.0:STMicroelectronics:USB::USB Device:Custom HID HS::1.0:USB_DEVICE_1_0_RESTRICTED_HS
2025-01-18 17:53:55,909 [WARN] ModelIntegratedComponent:188 - Modes not found for component STMicroelectronics:USB_DEVICE:1.0.0:STMicroelectronics:USB::USB Device:Custom HID HS::1.0:USB_DEVICE_1_0_RESTRICTED_HS
2025-01-18 17:53:55,909 [WARN] ModelIntegratedComponent:182 - Modes not found for component STMicroelectronics:USB_DEVICE:1.0.0:STMicroelectronics:USB::USB Device:MSC HS::1.0:USB_DEVICE_1_0_RESTRICTED_HS
2025-01-18 17:53:55,909 [WARN] ModelIntegratedComponent:188 - Modes not found for component STMicroelectronics:USB_DEVICE:1.0.0:STMicroelectronics:USB::USB Device:MSC HS::1.0:USB_DEVICE_1_0_RESTRICTED_HS
2025-01-18 17:53:55,910 [WARN] ModelIntegratedComponent:63 - No mode defined for component null
2025-01-18 17:53:55,910 [WARN] ModelIntegratedComponent:63 - No mode defined for component null
2025-01-18 17:53:55,910 [WARN] ModelIntegratedComponent:63 - No mode defined for component null
2025-01-18 17:53:55,910 [WARN] ModelIntegratedComponent:63 - No mode defined for component null
2025-01-18 17:53:55,910 [WARN] ModelIntegratedComponent:63 - No mode defined for component null
2025-01-18 17:53:55,910 [WARN] ModelIntegratedComponent:63 - No mode defined for component null
2025-01-18 17:53:55,910 [WARN] ModelIntegratedComponent:63 - No mode defined for component null
2025-01-18 17:53:55,910 [WARN] ModelIntegratedComponent:63 - No mode defined for component null
2025-01-18 17:53:55,911 [WARN] ModelIntegratedComponent:63 - No mode defined for component null
2025-01-18 17:53:55,911 [WARN] ModelIntegratedComponent:63 - No mode defined for component null
2025-01-18 17:53:55,911 [WARN] ModelIntegratedComponent:63 - No mode defined for component null
2025-01-18 17:53:55,911 [WARN] ModelIntegratedComponent:63 - No mode defined for component null
2025-01-18 17:53:55,911 [WARN] ModelIntegratedComponent:63 - No mode defined for component null
2025-01-18 17:53:55,911 [WARN] ModelIntegratedComponent:63 - No mode defined for component null
2025-01-18 17:53:55,911 [WARN] ModelIntegratedComponent:63 - No mode defined for component null
2025-01-18 17:53:55,911 [WARN] ModelIntegratedComponent:63 - No mode defined for component null
2025-01-18 17:53:55,911 [WARN] ModelIntegratedComponent:63 - No mode defined for component null
2025-01-18 17:53:55,911 [WARN] ModelIntegratedComponent:63 - No mode defined for component null
2025-01-18 17:53:55,911 [WARN] ModelIntegratedComponent:63 - No mode defined for component null
2025-01-18 17:53:55,911 [WARN] ModelIntegratedComponent:63 - No mode defined for component null
2025-01-18 17:53:55,911 [WARN] ModelIntegratedComponent:63 - No mode defined for component null
2025-01-18 17:53:55,912 [WARN] ModelIntegratedComponent:63 - No mode defined for component null
2025-01-18 17:53:55,912 [WARN] ModelIntegratedComponent:63 - No mode defined for component null
2025-01-18 17:53:55,912 [WARN] ModelIntegratedComponent:63 - No mode defined for component null
2025-01-18 17:53:55,912 [WARN] ModelIntegratedComponent:63 - No mode defined for component null
2025-01-18 17:53:55,912 [WARN] ModelIntegratedComponent:63 - No mode defined for component null
2025-01-18 17:53:55,912 [WARN] ModelIntegratedComponent:63 - No mode defined for component null
2025-01-18 17:53:55,912 [WARN] ModelIntegratedComponent:63 - No mode defined for component null
2025-01-18 17:53:55,915 [WARN] ModelIntegratedComponent:63 - No mode defined for component null
2025-01-18 17:53:55,930 [WARN] ModelIntegratedComponent:63 - No mode defined for component null
2025-01-18 17:53:55,931 [WARN] ModelIntegratedComponent:63 - No mode defined for component null
2025-01-18 17:53:55,931 [WARN] ModelIntegratedComponent:63 - No mode defined for component null
2025-01-18 17:53:55,931 [WARN] ModelIntegratedComponent:63 - No mode defined for component null
2025-01-18 17:53:55,934 [WARN] ModelIntegratedComponent:182 - Modes not found for component STMicroelectronics:USB_HOST:1.0.0:STMicroelectronics:USB::USB Host:Audio HS::1.0:USB_HOST_1_0_RESTRICTED_HS
2025-01-18 17:53:55,934 [WARN] ModelIntegratedComponent:188 - Modes not found for component STMicroelectronics:USB_HOST:1.0.0:STMicroelectronics:USB::USB Host:Audio HS::1.0:USB_HOST_1_0_RESTRICTED_HS
2025-01-18 17:53:55,934 [WARN] ModelIntegratedComponent:182 - Modes not found for component STMicroelectronics:USB_HOST:1.0.0:STMicroelectronics:USB::USB Host:CDC HS::1.0:USB_HOST_1_0_RESTRICTED_HS
2025-01-18 17:53:55,935 [WARN] ModelIntegratedComponent:188 - Modes not found for component STMicroelectronics:USB_HOST:1.0.0:STMicroelectronics:USB::USB Host:CDC HS::1.0:USB_HOST_1_0_RESTRICTED_HS
2025-01-18 17:53:55,935 [WARN] ModelIntegratedComponent:182 - Modes not found for component STMicroelectronics:USB_HOST:1.0.0:STMicroelectronics:USB::USB Host:MSC HS::1.0:USB_HOST_1_0_RESTRICTED_HS
2025-01-18 17:53:55,935 [WARN] ModelIntegratedComponent:188 - Modes not found for component STMicroelectronics:USB_HOST:1.0.0:STMicroelectronics:USB::USB Host:MSC HS::1.0:USB_HOST_1_0_RESTRICTED_HS
2025-01-18 17:53:55,935 [WARN] ModelIntegratedComponent:182 - Modes not found for component STMicroelectronics:USB_HOST:1.0.0:STMicroelectronics:USB::USB Host:HID HS::1.0:USB_HOST_1_0_RESTRICTED_HS
2025-01-18 17:53:55,935 [WARN] ModelIntegratedComponent:188 - Modes not found for component STMicroelectronics:USB_HOST:1.0.0:STMicroelectronics:USB::USB Host:HID HS::1.0:USB_HOST_1_0_RESTRICTED_HS
2025-01-18 17:53:55,935 [WARN] ModelIntegratedComponent:182 - Modes not found for component STMicroelectronics:USB_HOST:1.0.0:STMicroelectronics:USB::USB Host:MTP HS::1.0:USB_HOST_1_0_RESTRICTED_HS
2025-01-18 17:53:55,935 [WARN] ModelIntegratedComponent:188 - Modes not found for component STMicroelectronics:USB_HOST:1.0.0:STMicroelectronics:USB::USB Host:MTP HS::1.0:USB_HOST_1_0_RESTRICTED_HS
2025-01-18 17:53:55,937 [INFO] ThirdPartyModel:298 - Start build external matchings
2025-01-18 17:53:55,938 [INFO] ThirdPartyModel:316 - End build external matchings
2025-01-18 17:53:56,393 [INFO] UtilMem:75 - End LoadConfig() Used Memory: 548580000 Bytes (710934528)
2025-01-18 17:53:56,440 [WARN] ThirdParty:833 - waiting for thirdparty lock release [change project]
2025-01-18 17:53:56,441 [INFO] ThirdParty:835 - entering critical section [change project]
2025-01-18 17:53:56,441 [INFO] ThirdParty:1030 - CMSIS Pack Vendor :STMicroelectronics ThreadX 1.0.0
2025-01-18 17:53:56,441 [INFO] ThirdParty:1030 - CMSIS Pack Vendor :STMicroelectronics USB_HOST 2.0.0
2025-01-18 17:53:56,441 [INFO] ThirdParty:1030 - CMSIS Pack Vendor :STMicroelectronics LIBJPEG 8.0.0
2025-01-18 17:53:56,441 [INFO] ThirdParty:1030 - CMSIS Pack Vendor :STMicroelectronics FreeRTOS 0.0.1
2025-01-18 17:53:56,441 [INFO] ThirdParty:1030 - CMSIS Pack Vendor :STMicroelectronics USB_DEVICE 1.0.0
2025-01-18 17:53:56,442 [INFO] ThirdParty:1030 - CMSIS Pack Vendor :STMicroelectronics STM32_WPAN 1.0.0
2025-01-18 17:53:56,443 [INFO] ThirdParty:1030 - CMSIS Pack Vendor :STMicroelectronics USB_DEVICE 3.0.0
2025-01-18 17:53:56,443 [INFO] ThirdParty:1030 - CMSIS Pack Vendor :STMicroelectronics HAL Drivers 0.0.0
2025-01-18 17:53:56,444 [INFO] ThirdParty:1030 - CMSIS Pack Vendor :STMicroelectronics MBEDTLS 2.16.2
2025-01-18 17:53:56,444 [INFO] ThirdParty:1030 - CMSIS Pack Vendor :STMicroelectronics ThreadX 0.0.2
2025-01-18 17:53:56,444 [INFO] ThirdParty:1030 - CMSIS Pack Vendor :STMicroelectronics lwIP 2.0.3
2025-01-18 17:53:56,444 [INFO] ThirdParty:1030 - CMSIS Pack Vendor :STMicroelectronics lwIP 2.1.2
2025-01-18 17:53:56,444 [INFO] ThirdParty:1030 - CMSIS Pack Vendor :STMicroelectronics MBEDTLS 2.14.1
2025-01-18 17:53:56,444 [INFO] ThirdParty:1030 - CMSIS Pack Vendor :STMicroelectronics USB_HOST 1.0.0
2025-01-18 17:53:56,444 [INFO] ThirdParty:1030 - CMSIS Pack Vendor :STMicroelectronics PDM2PCM 3.1.0
2025-01-18 17:53:56,444 [INFO] ThirdParty:1030 - CMSIS Pack Vendor :STMicroelectronics PDM2PCM 3.2.0
2025-01-18 17:53:56,444 [INFO] ThirdParty:1030 - CMSIS Pack Vendor :STMicroelectronics USB_DEVICE 2.0.0
2025-01-18 17:53:56,444 [INFO] ThirdParty:1030 - CMSIS Pack Vendor :STMicroelectronics PDM2PCM 3.3.0
2025-01-18 17:53:56,445 [INFO] ThirdParty:841 - exiting critical section [change project]
2025-01-18 17:53:56,856 [INFO] PinOutPanel:1499 - setPackage(No Configuration,No Configuration)
2025-01-18 17:53:56,857 [INFO] PinOutPanel:1499 - setPackage(STM32F401CCUx,UFQFPN48)
2025-01-18 17:53:57,270 [INFO] UtilMem:75 - Before build in PCC Used Memory: 266393008 Bytes (710934528)
2025-01-18 17:53:57,812 [INFO] UtilMem:75 - After build in PCC Used Memory: 310955440 Bytes (710934528)
2025-01-18 17:53:57,849 [INFO] IPUIPlugin:80 - create IPUIPlugin
2025-01-18 17:53:57,850 [INFO] IPUIPlugin:80 - create IPUIPlugin
2025-01-18 17:53:57,850 [INFO] IPUIPlugin:80 - create IPUIPlugin
2025-01-18 17:53:57,850 [INFO] IPUIPlugin:80 - create IPUIPlugin
2025-01-18 17:53:57,850 [INFO] IPUIPlugin:80 - create IPUIPlugin
2025-01-18 17:53:57,850 [INFO] IPUIPlugin:80 - create IPUIPlugin
2025-01-18 17:53:57,850 [INFO] IPUIPlugin:80 - create IPUIPlugin
2025-01-18 17:53:57,850 [INFO] IPUIPlugin:80 - create IPUIPlugin
2025-01-18 17:53:57,850 [INFO] IPUIPlugin:80 - create IPUIPlugin
2025-01-18 17:53:57,851 [INFO] IPUIPlugin:80 - create IPUIPlugin
2025-01-18 17:53:57,851 [INFO] IPUIPlugin:80 - create IPUIPlugin
2025-01-18 17:53:57,851 [INFO] IPUIPlugin:80 - create IPUIPlugin
2025-01-18 17:53:57,851 [INFO] IPUIPlugin:80 - create IPUIPlugin
2025-01-18 17:53:57,852 [INFO] IPUIPlugin:80 - create IPUIPlugin
2025-01-18 17:53:57,853 [INFO] IPUIPlugin:80 - create IPUIPlugin
2025-01-18 17:53:57,853 [INFO] IPUIPlugin:80 - create IPUIPlugin
2025-01-18 17:53:57,854 [INFO] IPUIPlugin:80 - create IPUIPlugin
2025-01-18 17:53:57,854 [INFO] IPUIPlugin:80 - create IPUIPlugin
2025-01-18 17:53:57,854 [INFO] IPUIPlugin:80 - create IPUIPlugin
2025-01-18 17:53:57,855 [INFO] IPUIPlugin:80 - create IPUIPlugin
2025-01-18 17:53:57,855 [INFO] IPUIPlugin:80 - create IPUIPlugin
2025-01-18 17:53:57,855 [INFO] IPUIPlugin:80 - create IPUIPlugin
2025-01-18 17:53:57,856 [INFO] IPUIPlugin:80 - create IPUIPlugin
2025-01-18 17:53:57,857 [INFO] IPUIPlugin:80 - create IPUIPlugin
2025-01-18 17:53:57,857 [INFO] IPUIPlugin:80 - create IPUIPlugin
2025-01-18 17:53:57,858 [INFO] IPUIPlugin:80 - create IPUIPlugin
2025-01-18 17:53:57,858 [INFO] IPUIPlugin:80 - create IPUIPlugin
2025-01-18 17:53:57,858 [INFO] IPUIPlugin:80 - create IPUIPlugin
2025-01-18 17:53:57,859 [INFO] IPUIPlugin:80 - create IPUIPlugin
2025-01-18 17:53:57,859 [INFO] IPUIPlugin:80 - create IPUIPlugin
2025-01-18 17:53:57,860 [INFO] IPUIPlugin:80 - create IPUIPlugin
2025-01-18 17:53:57,860 [INFO] IPUIPlugin:80 - create IPUIPlugin
2025-01-18 17:53:57,861 [INFO] IPUIPlugin:80 - create IPUIPlugin
2025-01-18 17:53:57,861 [INFO] IPUIPlugin:80 - create IPUIPlugin
2025-01-18 17:53:57,862 [INFO] IPUIPlugin:80 - create IPUIPlugin
2025-01-18 17:53:57,862 [INFO] IPUIPlugin:80 - create IPUIPlugin
2025-01-18 17:53:57,863 [INFO] IPUIPlugin:80 - create IPUIPlugin
2025-01-18 17:53:57,867 [INFO] ApiDbMcu:507 - Load IP Config File for PDM2PCM
2025-01-18 17:53:57,920 [INFO] CADModel:165 - CPN selected for project levelSTM32F401CCU6
2025-01-18 17:53:57,920 [INFO] CADModel:114 - Register for checkConnection events
2025-01-18 17:53:58,014 [INFO] OpenFileManager:328 - Restore cursor
2025-01-18 18:00:13,697 [INFO] UtilMem:75 - End SaveConfig() Used Memory: 512148024 Bytes (710934528)
2025-01-18 18:00:15,045 [INFO] UtilMem:75 - End SaveConfig() Used Memory: 533643832 Bytes (710934528)
2025-01-18 18:00:15,217 [INFO] UtilMem:75 - End SaveConfig() Used Memory: 576109112 Bytes (710934528)
2025-01-18 18:00:15,612 [INFO] BlockDiagram:2759 - set Specific Code input for plugin: NVIC
2025-01-18 18:00:15,612 [INFO] BlockDiagram:2759 - set Specific Code input for plugin: GPIO
2025-01-18 18:00:15,612 [INFO] BlockDiagram:2759 - set Specific Code input for plugin: RCC
2025-01-18 18:00:15,614 [INFO] CodeGenerator:793 - code generatio: config db path: C:\ST\STM32CubeIDE_1.12.0\STM32CubeIDE\plugins\com.st.stm32cube.common.mx_6.8.0.202302231600\\db\
2025-01-18 18:00:15,828 [INFO] CodeEngine:255 - oldGeneratedFile, C:\Users\ASUS\Documents\GitHub\Embedded.STM32\lesson1.1\MXTmpFiles\license.tmp_save
2025-01-18 18:00:15,981 [INFO] CodeEngine:279 - Generated code: C:\Users\ASUS\Documents\GitHub\Embedded.STM32\lesson1.1\MXTmpFiles\license.tmp
2025-01-18 18:00:16,033 [INFO] CodeEngine:255 - oldGeneratedFile, C:\Users\ASUS\Documents\GitHub\Embedded.STM32\lesson1.1\MXTmpFiles\gpio.tmp_save
2025-01-18 18:00:16,113 [INFO] CodeEngine:279 - Generated code: C:\Users\ASUS\Documents\GitHub\Embedded.STM32\lesson1.1\MXTmpFiles\gpio.tmp
2025-01-18 18:00:16,134 [INFO] CodeEngine:255 - oldGeneratedFile, C:\Users\ASUS\Documents\GitHub\Embedded.STM32\lesson1.1\Core\Src\stm32f4xx_it.c_save
2025-01-18 18:00:16,218 [INFO] CodeEngine:279 - Generated code: C:\Users\ASUS\Documents\GitHub\Embedded.STM32\lesson1.1\Core\Src\stm32f4xx_it.c
2025-01-18 18:00:16,228 [INFO] CodeEngine:255 - oldGeneratedFile, C:\Users\ASUS\Documents\GitHub\Embedded.STM32\lesson1.1\Core\Inc\stm32f4xx_it.h_save
2025-01-18 18:00:16,392 [INFO] CodeEngine:279 - Generated code: C:\Users\ASUS\Documents\GitHub\Embedded.STM32\lesson1.1\Core\Inc\stm32f4xx_it.h
2025-01-18 18:00:16,419 [INFO] CodeEngine:255 - oldGeneratedFile, C:\Users\ASUS\Documents\GitHub\Embedded.STM32\lesson1.1\Core\Src\stm32f4xx_hal_msp.c_save
2025-01-18 18:00:16,622 [INFO] CodeEngine:279 - Generated code: C:\Users\ASUS\Documents\GitHub\Embedded.STM32\lesson1.1\Core\Src\stm32f4xx_hal_msp.c
2025-01-18 18:00:16,631 [INFO] CodeEngine:255 - oldGeneratedFile, C:\Users\ASUS\Documents\GitHub\Embedded.STM32\lesson1.1\MXTmpFiles\system.tmp_save
2025-01-18 18:00:16,733 [INFO] CodeEngine:279 - Generated code: C:\Users\ASUS\Documents\GitHub\Embedded.STM32\lesson1.1\MXTmpFiles\system.tmp
2025-01-18 18:00:16,748 [INFO] CodeEngine:311 - oldGeneratedFile, C:\Users\ASUS\Documents\GitHub\Embedded.STM32\lesson1.1\Core\Inc\stm32f4xx_hal_conf.h_save
2025-01-18 18:00:16,867 [INFO] CodeEngine:335 - Generated code: C:\Users\ASUS\Documents\GitHub\Embedded.STM32\lesson1.1\Core\Inc\stm32f4xx_hal_conf.h
2025-01-18 18:00:16,913 [INFO] CodeEngine:255 - oldGeneratedFile, C:\Users\ASUS\Documents\GitHub\Embedded.STM32\lesson1.1\Core\Inc\main.h_save
2025-01-18 18:00:17,021 [INFO] CodeEngine:279 - Generated code: C:\Users\ASUS\Documents\GitHub\Embedded.STM32\lesson1.1\Core\Inc\main.h
2025-01-18 18:00:17,029 [INFO] CodeEngine:255 - oldGeneratedFile, C:\Users\ASUS\Documents\GitHub\Embedded.STM32\lesson1.1\Core\Src\main.c_save
2025-01-18 18:00:17,181 [INFO] CodeEngine:279 - Generated code: C:\Users\ASUS\Documents\GitHub\Embedded.STM32\lesson1.1\Core\Src\main.c
2025-01-18 18:00:18,013 [INFO] ProjectBuilder:2996 - Time for Copy HAL[1] : 257mS.
2025-01-18 18:00:18,018 [INFO] ProjectBuilder:4304 - Project Generator version: 3.19.2
2025-01-18 18:00:18,667 [INFO] ConfigFileManager:1483 - The Die is : DIE423
2025-01-18 18:00:18,670 [INFO] ApiDbMcu:507 - Load IP Config File for FATFS
2025-01-18 18:00:18,675 [INFO] ApiDbMcu:507 - Load IP Config File for FREERTOS
2025-01-18 18:00:18,678 [INFO] ApiDbMcu:507 - Load IP Config File for LIBJPEG
2025-01-18 18:00:18,687 [INFO] ApiDbMcu:507 - Load IP Config File for MBEDTLS
2025-01-18 18:00:18,700 [INFO] ApiDbMcu:507 - Load IP Config File for USB_DEVICE
2025-01-18 18:00:18,706 [INFO] ApiDbMcu:507 - Load IP Config File for USB_HOST
2025-01-18 18:00:21,217 [INFO] ProjectBuilder:4505 - Time for Generating toolchain IDE Files: 3199mS.
2025-01-18 18:00:21,224 [INFO] ProjectBuilder:2867 - Time for Copy CMSIS : 1mS.
2025-01-18 18:00:21,230 [INFO] ProjectBuilder:2867 - Time for Copy CMSIS : 1mS.
2025-01-18 18:05:37,435 [INFO] Activator:176 - 


2025-01-18 18:05:37,438 [INFO] Activator:177 - !SESSION log4j initialized
2025-01-18 18:05:45,257 [INFO] LogOutputStream:77 - [STDOUT_REDIRECT] 
2025-01-18 18:06:07,653 [ERROR] LogOutputStream:75 - [STDERR_REDIRECT] SLF4J: Failed to load class "org.slf4j.impl.StaticLoggerBinder".
2025-01-18 18:06:07,654 [ERROR] LogOutputStream:75 - [STDERR_REDIRECT] SLF4J: Defaulting to no-operation (NOP) logger implementation
2025-01-18 18:06:07,657 [ERROR] LogOutputStream:75 - [STDERR_REDIRECT] SLF4J: See http://www.slf4j.org/codes.html#StaticLoggerBinder for further details.
